{"/Users/developer/Desktop/lit-marvel/src/main.js": {"path":"/Users/developer/Desktop/lit-marvel/src/main.js","all":true,"statementMap":{"0":{"start":{"line":1,"column":0},"end":{"line":1,"column":22}},"1":{"start":{"line":2,"column":0},"end":{"line":2,"column":41}}},"s":{"0":0,"1":0},"branchMap":{"0":{"type":"branch","line":1,"loc":{"start":{"line":1,"column":0},"end":{"line":2,"column":-1}},"locations":[{"start":{"line":1,"column":0},"end":{"line":2,"column":-1}}]}},"b":{"0":[0]},"fnMap":{"0":{"name":"(empty-report)","decl":{"start":{"line":1,"column":0},"end":{"line":2,"column":-1}},"loc":{"start":{"line":1,"column":0},"end":{"line":2,"column":-1}},"line":1}},"f":{"0":0}}
,"/Users/developer/Desktop/lit-marvel/src/components/character-detail/character-detail-style.js": {"path":"/Users/developer/Desktop/lit-marvel/src/components/character-detail/character-detail-style.js","all":false,"statementMap":{"0":{"start":{"line":1,"column":0},"end":{"line":1,"column":49}},"2":{"start":{"line":3,"column":0},"end":{"line":3,"column":40}},"3":{"start":{"line":4,"column":0},"end":{"line":4,"column":9}},"4":{"start":{"line":5,"column":0},"end":{"line":5,"column":19}},"5":{"start":{"line":6,"column":0},"end":{"line":6,"column":22}},"6":{"start":{"line":7,"column":0},"end":{"line":7,"column":22}},"7":{"start":{"line":8,"column":0},"end":{"line":8,"column":3}},"9":{"start":{"line":10,"column":0},"end":{"line":10,"column":26}},"10":{"start":{"line":11,"column":0},"end":{"line":11,"column":21}},"11":{"start":{"line":12,"column":0},"end":{"line":12,"column":19}},"12":{"start":{"line":13,"column":0},"end":{"line":13,"column":3}},"14":{"start":{"line":15,"column":0},"end":{"line":15,"column":17}},"15":{"start":{"line":16,"column":0},"end":{"line":16,"column":23}},"16":{"start":{"line":17,"column":0},"end":{"line":17,"column":23}},"17":{"start":{"line":18,"column":0},"end":{"line":18,"column":19}},"18":{"start":{"line":19,"column":0},"end":{"line":19,"column":22}},"19":{"start":{"line":20,"column":0},"end":{"line":20,"column":24}},"20":{"start":{"line":21,"column":0},"end":{"line":21,"column":24}},"21":{"start":{"line":22,"column":0},"end":{"line":22,"column":19}},"22":{"start":{"line":23,"column":0},"end":{"line":23,"column":3}},"23":{"start":{"line":24,"column":0},"end":{"line":24,"column":2}}},"s":{"0":1,"2":1,"3":1,"4":1,"5":1,"6":1,"7":1,"9":1,"10":1,"11":1,"12":1,"14":1,"15":1,"16":1,"17":1,"18":1,"19":1,"20":1,"21":1,"22":1,"23":1},"branchMap":{},"b":{},"fnMap":{},"f":{}}
,"/Users/developer/Desktop/lit-marvel/src/components/character-detail/character-detail.js": {"path":"/Users/developer/Desktop/lit-marvel/src/components/character-detail/character-detail.js","all":false,"statementMap":{"0":{"start":{"line":1,"column":0},"end":{"line":1,"column":62}},"1":{"start":{"line":2,"column":0},"end":{"line":2,"column":98}},"2":{"start":{"line":3,"column":0},"end":{"line":3,"column":69}},"3":{"start":{"line":4,"column":0},"end":{"line":4,"column":60}},"4":{"start":{"line":5,"column":0},"end":{"line":5,"column":43}},"5":{"start":{"line":6,"column":0},"end":{"line":6,"column":61}},"7":{"start":{"line":8,"column":0},"end":{"line":8,"column":49}},"8":{"start":{"line":9,"column":0},"end":{"line":9,"column":23}},"9":{"start":{"line":10,"column":0},"end":{"line":10,"column":32}},"10":{"start":{"line":11,"column":0},"end":{"line":11,"column":28}},"11":{"start":{"line":12,"column":0},"end":{"line":12,"column":37}},"12":{"start":{"line":13,"column":0},"end":{"line":13,"column":4}},"14":{"start":{"line":15,"column":0},"end":{"line":15,"column":23}},"15":{"start":{"line":16,"column":0},"end":{"line":16,"column":34}},"16":{"start":{"line":17,"column":0},"end":{"line":17,"column":3}},"18":{"start":{"line":19,"column":0},"end":{"line":19,"column":17}},"19":{"start":{"line":20,"column":0},"end":{"line":20,"column":12}},"20":{"start":{"line":21,"column":0},"end":{"line":21,"column":21}},"21":{"start":{"line":22,"column":0},"end":{"line":22,"column":31}},"22":{"start":{"line":23,"column":0},"end":{"line":23,"column":3}},"24":{"start":{"line":25,"column":0},"end":{"line":25,"column":12}},"25":{"start":{"line":26,"column":0},"end":{"line":26,"column":26}},"26":{"start":{"line":27,"column":0},"end":{"line":27,"column":44}},"27":{"start":{"line":28,"column":0},"end":{"line":28,"column":38}},"28":{"start":{"line":29,"column":0},"end":{"line":29,"column":68}},"29":{"start":{"line":30,"column":0},"end":{"line":30,"column":14}},"30":{"start":{"line":31,"column":0},"end":{"line":31,"column":5}},"32":{"start":{"line":33,"column":0},"end":{"line":33,"column":16}},"33":{"start":{"line":34,"column":0},"end":{"line":34,"column":41}},"34":{"start":{"line":35,"column":0},"end":{"line":35,"column":32}},"35":{"start":{"line":36,"column":0},"end":{"line":36,"column":38}},"36":{"start":{"line":37,"column":0},"end":{"line":37,"column":36}},"37":{"start":{"line":38,"column":0},"end":{"line":38,"column":31}},"38":{"start":{"line":39,"column":0},"end":{"line":39,"column":52}},"39":{"start":{"line":40,"column":0},"end":{"line":40,"column":30}},"40":{"start":{"line":41,"column":0},"end":{"line":41,"column":31}},"41":{"start":{"line":42,"column":0},"end":{"line":42,"column":16}},"42":{"start":{"line":43,"column":0},"end":{"line":43,"column":14}},"43":{"start":{"line":44,"column":0},"end":{"line":44,"column":35}},"44":{"start":{"line":45,"column":0},"end":{"line":45,"column":23}},"45":{"start":{"line":46,"column":0},"end":{"line":46,"column":32}},"46":{"start":{"line":47,"column":0},"end":{"line":47,"column":40}},"47":{"start":{"line":48,"column":0},"end":{"line":48,"column":26}},"48":{"start":{"line":49,"column":0},"end":{"line":49,"column":12}},"49":{"start":{"line":50,"column":0},"end":{"line":50,"column":6}},"50":{"start":{"line":51,"column":0},"end":{"line":51,"column":3}},"52":{"start":{"line":53,"column":0},"end":{"line":53,"column":30}},"53":{"start":{"line":54,"column":0},"end":{"line":54,"column":63}},"54":{"start":{"line":55,"column":0},"end":{"line":55,"column":64}},"55":{"start":{"line":56,"column":0},"end":{"line":56,"column":62}},"56":{"start":{"line":57,"column":0},"end":{"line":57,"column":67}},"57":{"start":{"line":58,"column":0},"end":{"line":58,"column":34}},"58":{"start":{"line":59,"column":0},"end":{"line":59,"column":7}},"59":{"start":{"line":60,"column":0},"end":{"line":60,"column":5}},"60":{"start":{"line":61,"column":0},"end":{"line":61,"column":3}},"62":{"start":{"line":63,"column":0},"end":{"line":63,"column":30}},"63":{"start":{"line":64,"column":0},"end":{"line":64,"column":36}},"65":{"start":{"line":66,"column":0},"end":{"line":66,"column":9}},"66":{"start":{"line":67,"column":0},"end":{"line":67,"column":32}},"68":{"start":{"line":69,"column":0},"end":{"line":69,"column":72}},"69":{"start":{"line":70,"column":0},"end":{"line":70,"column":39}},"70":{"start":{"line":71,"column":0},"end":{"line":71,"column":84}},"71":{"start":{"line":72,"column":0},"end":{"line":72,"column":9}},"73":{"start":{"line":74,"column":0},"end":{"line":74,"column":48}},"74":{"start":{"line":75,"column":0},"end":{"line":75,"column":21}},"75":{"start":{"line":76,"column":0},"end":{"line":76,"column":61}},"76":{"start":{"line":77,"column":0},"end":{"line":77,"column":23}},"77":{"start":{"line":78,"column":0},"end":{"line":78,"column":15}},"78":{"start":{"line":79,"column":0},"end":{"line":79,"column":33}},"79":{"start":{"line":80,"column":0},"end":{"line":80,"column":5}},"80":{"start":{"line":81,"column":0},"end":{"line":81,"column":3}},"81":{"start":{"line":82,"column":0},"end":{"line":82,"column":1}},"83":{"start":{"line":84,"column":0},"end":{"line":84,"column":59}}},"s":{"0":1,"1":1,"2":1,"3":1,"4":1,"5":1,"7":1,"8":1,"9":1,"10":1,"11":1,"12":1,"14":1,"15":1,"16":1,"18":1,"19":1,"20":1,"21":1,"22":1,"24":1,"25":2,"26":0,"27":0,"28":0,"29":0,"30":0,"32":2,"33":2,"34":2,"35":2,"36":2,"37":0,"38":0,"39":0,"40":0,"41":0,"42":2,"43":2,"44":2,"45":2,"46":2,"47":2,"48":2,"49":2,"50":2,"52":1,"53":2,"54":1,"55":1,"56":1,"57":1,"58":1,"59":1,"60":2,"62":1,"63":1,"65":1,"66":1,"68":1,"69":1,"70":1,"71":1,"73":1,"74":1,"75":0,"76":0,"77":0,"78":0,"79":0,"80":1,"81":1,"83":1},"branchMap":{"0":{"type":"branch","line":9,"loc":{"start":{"line":9,"column":2},"end":{"line":13,"column":3}},"locations":[{"start":{"line":9,"column":2},"end":{"line":13,"column":3}}]},"1":{"type":"branch","line":15,"loc":{"start":{"line":15,"column":9},"end":{"line":17,"column":3}},"locations":[{"start":{"line":15,"column":9},"end":{"line":17,"column":3}}]},"2":{"type":"branch","line":19,"loc":{"start":{"line":19,"column":2},"end":{"line":23,"column":3}},"locations":[{"start":{"line":19,"column":2},"end":{"line":23,"column":3}}]},"3":{"type":"branch","line":25,"loc":{"start":{"line":25,"column":2},"end":{"line":51,"column":3}},"locations":[{"start":{"line":25,"column":2},"end":{"line":51,"column":3}}]},"4":{"type":"branch","line":26,"loc":{"start":{"line":26,"column":25},"end":{"line":31,"column":5}},"locations":[{"start":{"line":26,"column":25},"end":{"line":31,"column":5}}]},"5":{"type":"branch","line":53,"loc":{"start":{"line":53,"column":2},"end":{"line":61,"column":3}},"locations":[{"start":{"line":53,"column":2},"end":{"line":61,"column":3}}]},"6":{"type":"branch","line":54,"loc":{"start":{"line":54,"column":43},"end":{"line":54,"column":60}},"locations":[{"start":{"line":54,"column":43},"end":{"line":54,"column":60}}]},"7":{"type":"branch","line":54,"loc":{"start":{"line":54,"column":62},"end":{"line":60,"column":5}},"locations":[{"start":{"line":54,"column":62},"end":{"line":60,"column":5}}]},"8":{"type":"branch","line":57,"loc":{"start":{"line":57,"column":24},"end":{"line":57,"column":64}},"locations":[{"start":{"line":57,"column":24},"end":{"line":57,"column":64}}]},"9":{"type":"branch","line":63,"loc":{"start":{"line":63,"column":2},"end":{"line":81,"column":3}},"locations":[{"start":{"line":63,"column":2},"end":{"line":81,"column":3}}]},"10":{"type":"branch","line":64,"loc":{"start":{"line":64,"column":29},"end":{"line":64,"column":36}},"locations":[{"start":{"line":64,"column":29},"end":{"line":64,"column":36}}]},"11":{"type":"branch","line":72,"loc":{"start":{"line":72,"column":8},"end":{"line":74,"column":47}},"locations":[{"start":{"line":72,"column":8},"end":{"line":74,"column":47}}]},"12":{"type":"branch","line":75,"loc":{"start":{"line":75,"column":6},"end":{"line":80,"column":5}},"locations":[{"start":{"line":75,"column":6},"end":{"line":80,"column":5}}]}},"b":{"0":[1],"1":[1],"2":[1],"3":[2],"4":[0],"5":[2],"6":[1],"7":[1],"8":[0],"9":[1],"10":[0],"11":[0],"12":[0]},"fnMap":{"0":{"name":"<static_initializer>","decl":{"start":{"line":9,"column":2},"end":{"line":13,"column":3}},"loc":{"start":{"line":9,"column":2},"end":{"line":13,"column":3}},"line":9},"1":{"name":"get styles","decl":{"start":{"line":15,"column":9},"end":{"line":17,"column":3}},"loc":{"start":{"line":15,"column":9},"end":{"line":17,"column":3}},"line":15},"2":{"name":"CharacterDetail","decl":{"start":{"line":19,"column":2},"end":{"line":23,"column":3}},"loc":{"start":{"line":19,"column":2},"end":{"line":23,"column":3}},"line":19},"3":{"name":"render","decl":{"start":{"line":25,"column":2},"end":{"line":51,"column":3}},"loc":{"start":{"line":25,"column":2},"end":{"line":51,"column":3}},"line":25},"4":{"name":"updated","decl":{"start":{"line":53,"column":2},"end":{"line":61,"column":3}},"loc":{"start":{"line":53,"column":2},"end":{"line":61,"column":3}},"line":53},"5":{"name":"_loadComicsFromAPI","decl":{"start":{"line":63,"column":2},"end":{"line":81,"column":3}},"loc":{"start":{"line":63,"column":2},"end":{"line":81,"column":3}},"line":63}},"f":{"0":1,"1":1,"2":1,"3":2,"4":2,"5":1}}
,"/Users/developer/Desktop/lit-marvel/src/components/character-detail/comics-section-style.js": {"path":"/Users/developer/Desktop/lit-marvel/src/components/character-detail/comics-section-style.js","all":false,"statementMap":{"0":{"start":{"line":1,"column":0},"end":{"line":1,"column":49}},"1":{"start":{"line":2,"column":0},"end":{"line":2,"column":55}},"3":{"start":{"line":4,"column":0},"end":{"line":4,"column":38}},"4":{"start":{"line":5,"column":0},"end":{"line":5,"column":19}},"5":{"start":{"line":6,"column":0},"end":{"line":6,"column":22}},"6":{"start":{"line":7,"column":0},"end":{"line":7,"column":31}},"7":{"start":{"line":8,"column":0},"end":{"line":8,"column":18}},"8":{"start":{"line":9,"column":0},"end":{"line":9,"column":17}},"9":{"start":{"line":10,"column":0},"end":{"line":10,"column":18}},"10":{"start":{"line":11,"column":0},"end":{"line":11,"column":27}},"11":{"start":{"line":12,"column":0},"end":{"line":12,"column":24}},"12":{"start":{"line":13,"column":0},"end":{"line":13,"column":3}},"14":{"start":{"line":15,"column":0},"end":{"line":15,"column":19}},"15":{"start":{"line":16,"column":0},"end":{"line":16,"column":17}},"16":{"start":{"line":17,"column":0},"end":{"line":17,"column":22}},"17":{"start":{"line":18,"column":0},"end":{"line":18,"column":19}},"18":{"start":{"line":19,"column":0},"end":{"line":19,"column":22}},"19":{"start":{"line":20,"column":0},"end":{"line":20,"column":3}},"21":{"start":{"line":22,"column":0},"end":{"line":22,"column":17}},"22":{"start":{"line":23,"column":0},"end":{"line":23,"column":22}},"23":{"start":{"line":24,"column":0},"end":{"line":24,"column":21}},"24":{"start":{"line":25,"column":0},"end":{"line":25,"column":40}},"25":{"start":{"line":26,"column":0},"end":{"line":26,"column":26}},"26":{"start":{"line":27,"column":0},"end":{"line":27,"column":27}},"27":{"start":{"line":28,"column":0},"end":{"line":28,"column":3}},"29":{"start":{"line":30,"column":0},"end":{"line":30,"column":16}},"30":{"start":{"line":31,"column":0},"end":{"line":31,"column":18}},"31":{"start":{"line":32,"column":0},"end":{"line":32,"column":24}},"32":{"start":{"line":33,"column":0},"end":{"line":33,"column":14}},"33":{"start":{"line":34,"column":0},"end":{"line":34,"column":21}},"34":{"start":{"line":35,"column":0},"end":{"line":35,"column":27}},"35":{"start":{"line":36,"column":0},"end":{"line":36,"column":26}},"36":{"start":{"line":37,"column":0},"end":{"line":37,"column":56}},"37":{"start":{"line":38,"column":0},"end":{"line":38,"column":3}},"39":{"start":{"line":40,"column":0},"end":{"line":40,"column":35}},"40":{"start":{"line":41,"column":0},"end":{"line":41,"column":16}},"41":{"start":{"line":42,"column":0},"end":{"line":42,"column":3}},"43":{"start":{"line":44,"column":0},"end":{"line":44,"column":41}},"44":{"start":{"line":45,"column":0},"end":{"line":45,"column":24}},"45":{"start":{"line":46,"column":0},"end":{"line":46,"column":23}},"46":{"start":{"line":47,"column":0},"end":{"line":47,"column":3}},"48":{"start":{"line":49,"column":0},"end":{"line":49,"column":41}},"49":{"start":{"line":50,"column":0},"end":{"line":50,"column":43}},"50":{"start":{"line":51,"column":0},"end":{"line":51,"column":23}},"51":{"start":{"line":52,"column":0},"end":{"line":52,"column":37}},"52":{"start":{"line":53,"column":0},"end":{"line":53,"column":3}},"54":{"start":{"line":55,"column":0},"end":{"line":55,"column":47}},"55":{"start":{"line":56,"column":0},"end":{"line":56,"column":24}},"56":{"start":{"line":57,"column":0},"end":{"line":57,"column":3}},"58":{"start":{"line":59,"column":0},"end":{"line":59,"column":15}},"59":{"start":{"line":60,"column":0},"end":{"line":60,"column":22}},"60":{"start":{"line":61,"column":0},"end":{"line":61,"column":18}},"61":{"start":{"line":62,"column":0},"end":{"line":62,"column":27}},"62":{"start":{"line":63,"column":0},"end":{"line":63,"column":24}},"63":{"start":{"line":64,"column":0},"end":{"line":64,"column":21}},"64":{"start":{"line":65,"column":0},"end":{"line":65,"column":21}},"65":{"start":{"line":66,"column":0},"end":{"line":66,"column":20}},"66":{"start":{"line":67,"column":0},"end":{"line":67,"column":3}},"68":{"start":{"line":69,"column":0},"end":{"line":69,"column":16}},"69":{"start":{"line":70,"column":0},"end":{"line":70,"column":17}},"70":{"start":{"line":71,"column":0},"end":{"line":71,"column":18}},"71":{"start":{"line":72,"column":0},"end":{"line":72,"column":22}},"72":{"start":{"line":73,"column":0},"end":{"line":73,"column":26}},"73":{"start":{"line":74,"column":0},"end":{"line":74,"column":21}},"74":{"start":{"line":75,"column":0},"end":{"line":75,"column":3}},"76":{"start":{"line":77,"column":0},"end":{"line":77,"column":15}},"77":{"start":{"line":78,"column":0},"end":{"line":78,"column":21}},"78":{"start":{"line":79,"column":0},"end":{"line":79,"column":16}},"79":{"start":{"line":80,"column":0},"end":{"line":80,"column":22}},"80":{"start":{"line":81,"column":0},"end":{"line":81,"column":3}},"82":{"start":{"line":83,"column":0},"end":{"line":83,"column":16}},"83":{"start":{"line":84,"column":0},"end":{"line":84,"column":22}},"84":{"start":{"line":85,"column":0},"end":{"line":85,"column":21}},"85":{"start":{"line":86,"column":0},"end":{"line":86,"column":40}},"86":{"start":{"line":87,"column":0},"end":{"line":87,"column":26}},"87":{"start":{"line":88,"column":0},"end":{"line":88,"column":21}},"88":{"start":{"line":89,"column":0},"end":{"line":89,"column":3}},"90":{"start":{"line":91,"column":0},"end":{"line":91,"column":15}},"91":{"start":{"line":92,"column":0},"end":{"line":92,"column":23}},"92":{"start":{"line":93,"column":0},"end":{"line":93,"column":16}},"93":{"start":{"line":94,"column":0},"end":{"line":94,"column":21}},"94":{"start":{"line":95,"column":0},"end":{"line":95,"column":24}},"95":{"start":{"line":96,"column":0},"end":{"line":96,"column":3}},"97":{"start":{"line":98,"column":0},"end":{"line":98,"column":28}},"98":{"start":{"line":99,"column":0},"end":{"line":99,"column":21}},"99":{"start":{"line":100,"column":0},"end":{"line":100,"column":33}},"100":{"start":{"line":101,"column":0},"end":{"line":101,"column":5}},"102":{"start":{"line":103,"column":0},"end":{"line":103,"column":21}},"103":{"start":{"line":104,"column":0},"end":{"line":104,"column":22}},"104":{"start":{"line":105,"column":0},"end":{"line":105,"column":5}},"106":{"start":{"line":107,"column":0},"end":{"line":107,"column":19}},"107":{"start":{"line":108,"column":0},"end":{"line":108,"column":24}},"108":{"start":{"line":109,"column":0},"end":{"line":109,"column":28}},"109":{"start":{"line":110,"column":0},"end":{"line":110,"column":5}},"111":{"start":{"line":112,"column":0},"end":{"line":112,"column":18}},"112":{"start":{"line":113,"column":0},"end":{"line":113,"column":18}},"113":{"start":{"line":114,"column":0},"end":{"line":114,"column":5}},"115":{"start":{"line":116,"column":0},"end":{"line":116,"column":17}},"116":{"start":{"line":117,"column":0},"end":{"line":117,"column":23}},"117":{"start":{"line":118,"column":0},"end":{"line":118,"column":23}},"118":{"start":{"line":119,"column":0},"end":{"line":119,"column":5}},"120":{"start":{"line":121,"column":0},"end":{"line":121,"column":18}},"121":{"start":{"line":122,"column":0},"end":{"line":122,"column":19}},"122":{"start":{"line":123,"column":0},"end":{"line":123,"column":20}},"123":{"start":{"line":124,"column":0},"end":{"line":124,"column":5}},"125":{"start":{"line":126,"column":0},"end":{"line":126,"column":18}},"126":{"start":{"line":127,"column":0},"end":{"line":127,"column":25}},"127":{"start":{"line":128,"column":0},"end":{"line":128,"column":5}},"129":{"start":{"line":130,"column":0},"end":{"line":130,"column":17}},"130":{"start":{"line":131,"column":0},"end":{"line":131,"column":24}},"131":{"start":{"line":132,"column":0},"end":{"line":132,"column":5}},"132":{"start":{"line":133,"column":0},"end":{"line":133,"column":5}},"134":{"start":{"line":135,"column":0},"end":{"line":135,"column":29}},"135":{"start":{"line":136,"column":0},"end":{"line":136,"column":21}},"136":{"start":{"line":137,"column":0},"end":{"line":137,"column":33}},"137":{"start":{"line":138,"column":0},"end":{"line":138,"column":5}},"139":{"start":{"line":140,"column":0},"end":{"line":140,"column":21}},"140":{"start":{"line":141,"column":0},"end":{"line":141,"column":22}},"141":{"start":{"line":142,"column":0},"end":{"line":142,"column":5}},"143":{"start":{"line":144,"column":0},"end":{"line":144,"column":19}},"144":{"start":{"line":145,"column":0},"end":{"line":145,"column":24}},"145":{"start":{"line":146,"column":0},"end":{"line":146,"column":28}},"146":{"start":{"line":147,"column":0},"end":{"line":147,"column":5}},"148":{"start":{"line":149,"column":0},"end":{"line":149,"column":18}},"149":{"start":{"line":150,"column":0},"end":{"line":150,"column":18}},"150":{"start":{"line":151,"column":0},"end":{"line":151,"column":5}},"152":{"start":{"line":153,"column":0},"end":{"line":153,"column":17}},"153":{"start":{"line":154,"column":0},"end":{"line":154,"column":23}},"154":{"start":{"line":155,"column":0},"end":{"line":155,"column":23}},"155":{"start":{"line":156,"column":0},"end":{"line":156,"column":5}},"157":{"start":{"line":158,"column":0},"end":{"line":158,"column":18}},"158":{"start":{"line":159,"column":0},"end":{"line":159,"column":19}},"159":{"start":{"line":160,"column":0},"end":{"line":160,"column":20}},"160":{"start":{"line":161,"column":0},"end":{"line":161,"column":5}},"162":{"start":{"line":163,"column":0},"end":{"line":163,"column":18}},"163":{"start":{"line":164,"column":0},"end":{"line":164,"column":22}},"164":{"start":{"line":165,"column":0},"end":{"line":165,"column":5}},"166":{"start":{"line":167,"column":0},"end":{"line":167,"column":17}},"167":{"start":{"line":168,"column":0},"end":{"line":168,"column":25}},"168":{"start":{"line":169,"column":0},"end":{"line":169,"column":5}},"169":{"start":{"line":170,"column":0},"end":{"line":170,"column":5}},"171":{"start":{"line":172,"column":0},"end":{"line":172,"column":19}},"172":{"start":{"line":173,"column":0},"end":{"line":173,"column":8}},"173":{"start":{"line":174,"column":0},"end":{"line":174,"column":30}},"174":{"start":{"line":175,"column":0},"end":{"line":175,"column":5}},"175":{"start":{"line":176,"column":0},"end":{"line":176,"column":10}},"176":{"start":{"line":177,"column":0},"end":{"line":177,"column":32}},"177":{"start":{"line":178,"column":0},"end":{"line":178,"column":5}},"178":{"start":{"line":179,"column":0},"end":{"line":179,"column":3}},"179":{"start":{"line":180,"column":0},"end":{"line":180,"column":2}}},"s":{"0":1,"1":1,"3":1,"4":1,"5":1,"6":1,"7":1,"8":1,"9":1,"10":1,"11":1,"12":1,"14":1,"15":1,"16":1,"17":1,"18":1,"19":1,"21":1,"22":1,"23":1,"24":1,"25":1,"26":1,"27":1,"29":1,"30":1,"31":1,"32":1,"33":1,"34":1,"35":1,"36":1,"37":1,"39":1,"40":1,"41":1,"43":1,"44":1,"45":1,"46":1,"48":1,"49":1,"50":1,"51":1,"52":1,"54":1,"55":1,"56":1,"58":1,"59":1,"60":1,"61":1,"62":1,"63":1,"64":1,"65":1,"66":1,"68":1,"69":1,"70":1,"71":1,"72":1,"73":1,"74":1,"76":1,"77":1,"78":1,"79":1,"80":1,"82":1,"83":1,"84":1,"85":1,"86":1,"87":1,"88":1,"90":1,"91":1,"92":1,"93":1,"94":1,"95":1,"97":1,"98":1,"99":1,"100":1,"102":1,"103":1,"104":1,"106":1,"107":1,"108":1,"109":1,"111":1,"112":1,"113":1,"115":1,"116":1,"117":1,"118":1,"120":1,"121":1,"122":1,"123":1,"125":1,"126":1,"127":1,"129":1,"130":1,"131":1,"132":1,"134":1,"135":1,"136":1,"137":1,"139":1,"140":1,"141":1,"143":1,"144":1,"145":1,"146":1,"148":1,"149":1,"150":1,"152":1,"153":1,"154":1,"155":1,"157":1,"158":1,"159":1,"160":1,"162":1,"163":1,"164":1,"166":1,"167":1,"168":1,"169":1,"171":1,"172":1,"173":1,"174":1,"175":1,"176":1,"177":1,"178":1,"179":1},"branchMap":{},"b":{},"fnMap":{},"f":{}}
,"/Users/developer/Desktop/lit-marvel/src/components/character-detail/comics-section.js": {"path":"/Users/developer/Desktop/lit-marvel/src/components/character-detail/comics-section.js","all":false,"statementMap":{"0":{"start":{"line":1,"column":0},"end":{"line":1,"column":62}},"1":{"start":{"line":2,"column":0},"end":{"line":2,"column":94}},"2":{"start":{"line":3,"column":0},"end":{"line":3,"column":8}},"6":{"start":{"line":7,"column":0},"end":{"line":7,"column":50}},"8":{"start":{"line":9,"column":0},"end":{"line":9,"column":47}},"9":{"start":{"line":10,"column":0},"end":{"line":10,"column":23}},"10":{"start":{"line":11,"column":0},"end":{"line":11,"column":28}},"11":{"start":{"line":12,"column":0},"end":{"line":12,"column":31}},"12":{"start":{"line":13,"column":0},"end":{"line":13,"column":4}},"14":{"start":{"line":15,"column":0},"end":{"line":15,"column":23}},"15":{"start":{"line":16,"column":0},"end":{"line":16,"column":32}},"16":{"start":{"line":17,"column":0},"end":{"line":17,"column":3}},"18":{"start":{"line":19,"column":0},"end":{"line":19,"column":17}},"19":{"start":{"line":20,"column":0},"end":{"line":20,"column":12}},"20":{"start":{"line":21,"column":0},"end":{"line":21,"column":21}},"21":{"start":{"line":22,"column":0},"end":{"line":22,"column":25}},"22":{"start":{"line":23,"column":0},"end":{"line":23,"column":3}},"24":{"start":{"line":25,"column":0},"end":{"line":25,"column":12}},"25":{"start":{"line":26,"column":0},"end":{"line":26,"column":23}},"26":{"start":{"line":27,"column":0},"end":{"line":27,"column":18}},"27":{"start":{"line":28,"column":0},"end":{"line":28,"column":40}},"28":{"start":{"line":29,"column":0},"end":{"line":29,"column":38}},"29":{"start":{"line":30,"column":0},"end":{"line":30,"column":48}},"30":{"start":{"line":31,"column":0},"end":{"line":31,"column":45}},"31":{"start":{"line":32,"column":0},"end":{"line":32,"column":16}},"32":{"start":{"line":33,"column":0},"end":{"line":33,"column":18}},"33":{"start":{"line":34,"column":0},"end":{"line":34,"column":8}},"34":{"start":{"line":35,"column":0},"end":{"line":35,"column":5}},"36":{"start":{"line":37,"column":0},"end":{"line":37,"column":51}},"37":{"start":{"line":38,"column":0},"end":{"line":38,"column":18}},"38":{"start":{"line":39,"column":0},"end":{"line":39,"column":40}},"39":{"start":{"line":40,"column":0},"end":{"line":40,"column":38}},"40":{"start":{"line":41,"column":0},"end":{"line":41,"column":48}},"41":{"start":{"line":42,"column":0},"end":{"line":42,"column":71}},"42":{"start":{"line":43,"column":0},"end":{"line":43,"column":53}},"43":{"start":{"line":44,"column":0},"end":{"line":44,"column":16}},"44":{"start":{"line":45,"column":0},"end":{"line":45,"column":16}},"45":{"start":{"line":46,"column":0},"end":{"line":46,"column":18}},"46":{"start":{"line":47,"column":0},"end":{"line":47,"column":8}},"47":{"start":{"line":48,"column":0},"end":{"line":48,"column":5}},"49":{"start":{"line":50,"column":0},"end":{"line":50,"column":16}},"50":{"start":{"line":51,"column":0},"end":{"line":51,"column":38}},"51":{"start":{"line":52,"column":0},"end":{"line":52,"column":36}},"52":{"start":{"line":53,"column":0},"end":{"line":53,"column":46}},"53":{"start":{"line":54,"column":0},"end":{"line":54,"column":35}},"54":{"start":{"line":55,"column":0},"end":{"line":55,"column":47}},"55":{"start":{"line":56,"column":0},"end":{"line":56,"column":26}},"56":{"start":{"line":57,"column":0},"end":{"line":57,"column":40}},"57":{"start":{"line":58,"column":0},"end":{"line":58,"column":22}},"58":{"start":{"line":59,"column":0},"end":{"line":59,"column":39}},"59":{"start":{"line":60,"column":0},"end":{"line":60,"column":45}},"60":{"start":{"line":61,"column":0},"end":{"line":61,"column":38}},"61":{"start":{"line":62,"column":0},"end":{"line":62,"column":39}},"62":{"start":{"line":63,"column":0},"end":{"line":63,"column":23}},"63":{"start":{"line":64,"column":0},"end":{"line":64,"column":71}},"64":{"start":{"line":65,"column":0},"end":{"line":65,"column":46}},"65":{"start":{"line":66,"column":0},"end":{"line":66,"column":20}},"66":{"start":{"line":67,"column":0},"end":{"line":67,"column":42}},"67":{"start":{"line":68,"column":0},"end":{"line":68,"column":45}},"68":{"start":{"line":69,"column":0},"end":{"line":69,"column":75}},"69":{"start":{"line":70,"column":0},"end":{"line":70,"column":26}},"70":{"start":{"line":71,"column":0},"end":{"line":71,"column":44}},"71":{"start":{"line":72,"column":0},"end":{"line":72,"column":79}},"72":{"start":{"line":73,"column":0},"end":{"line":73,"column":35}},"73":{"start":{"line":74,"column":0},"end":{"line":74,"column":45}},"74":{"start":{"line":75,"column":0},"end":{"line":75,"column":60}},"75":{"start":{"line":76,"column":0},"end":{"line":76,"column":34}},"76":{"start":{"line":77,"column":0},"end":{"line":77,"column":41}},"77":{"start":{"line":78,"column":0},"end":{"line":78,"column":29}},"78":{"start":{"line":79,"column":0},"end":{"line":79,"column":26}},"79":{"start":{"line":80,"column":0},"end":{"line":80,"column":24}},"80":{"start":{"line":81,"column":0},"end":{"line":81,"column":22}},"81":{"start":{"line":82,"column":0},"end":{"line":82,"column":16}},"82":{"start":{"line":83,"column":0},"end":{"line":83,"column":15}},"83":{"start":{"line":84,"column":0},"end":{"line":84,"column":16}},"84":{"start":{"line":85,"column":0},"end":{"line":85,"column":14}},"85":{"start":{"line":86,"column":0},"end":{"line":86,"column":16}},"86":{"start":{"line":87,"column":0},"end":{"line":87,"column":6}},"87":{"start":{"line":88,"column":0},"end":{"line":88,"column":3}},"88":{"start":{"line":89,"column":0},"end":{"line":89,"column":1}},"90":{"start":{"line":91,"column":0},"end":{"line":91,"column":55}}},"s":{"0":1,"1":1,"2":1,"6":1,"8":1,"9":1,"10":1,"11":1,"12":1,"14":1,"15":1,"16":1,"18":1,"19":1,"20":1,"21":1,"22":1,"24":1,"25":2,"26":1,"27":1,"28":1,"29":1,"30":1,"31":1,"32":1,"33":1,"34":1,"36":2,"37":1,"38":1,"39":1,"40":1,"41":1,"42":1,"43":1,"44":1,"45":1,"46":1,"47":1,"49":0,"50":0,"51":0,"52":0,"53":0,"54":0,"55":0,"56":0,"57":0,"58":0,"59":0,"60":0,"61":0,"62":0,"63":0,"64":0,"65":0,"66":0,"67":0,"68":0,"69":0,"70":0,"71":0,"72":0,"73":0,"74":0,"75":0,"76":0,"77":0,"78":0,"79":0,"80":0,"81":0,"82":0,"83":0,"84":0,"85":0,"86":0,"87":2,"88":1,"90":1},"branchMap":{"0":{"type":"branch","line":10,"loc":{"start":{"line":10,"column":2},"end":{"line":13,"column":3}},"locations":[{"start":{"line":10,"column":2},"end":{"line":13,"column":3}}]},"1":{"type":"branch","line":15,"loc":{"start":{"line":15,"column":9},"end":{"line":17,"column":3}},"locations":[{"start":{"line":15,"column":9},"end":{"line":17,"column":3}}]},"2":{"type":"branch","line":19,"loc":{"start":{"line":19,"column":2},"end":{"line":23,"column":3}},"locations":[{"start":{"line":19,"column":2},"end":{"line":23,"column":3}}]},"3":{"type":"branch","line":25,"loc":{"start":{"line":25,"column":2},"end":{"line":88,"column":3}},"locations":[{"start":{"line":25,"column":2},"end":{"line":88,"column":3}}]},"4":{"type":"branch","line":26,"loc":{"start":{"line":26,"column":22},"end":{"line":37,"column":48}},"locations":[{"start":{"line":26,"column":22},"end":{"line":37,"column":48}}]},"5":{"type":"branch","line":37,"loc":{"start":{"line":37,"column":50},"end":{"line":48,"column":5}},"locations":[{"start":{"line":37,"column":50},"end":{"line":48,"column":5}}]},"6":{"type":"branch","line":48,"loc":{"start":{"line":48,"column":4},"end":{"line":88,"column":2}},"locations":[{"start":{"line":48,"column":4},"end":{"line":88,"column":2}}]}},"b":{"0":[1],"1":[1],"2":[1],"3":[2],"4":[1],"5":[1],"6":[0]},"fnMap":{"0":{"name":"<static_initializer>","decl":{"start":{"line":10,"column":2},"end":{"line":13,"column":3}},"loc":{"start":{"line":10,"column":2},"end":{"line":13,"column":3}},"line":10},"1":{"name":"get styles","decl":{"start":{"line":15,"column":9},"end":{"line":17,"column":3}},"loc":{"start":{"line":15,"column":9},"end":{"line":17,"column":3}},"line":15},"2":{"name":"ComicsSection","decl":{"start":{"line":19,"column":2},"end":{"line":23,"column":3}},"loc":{"start":{"line":19,"column":2},"end":{"line":23,"column":3}},"line":19},"3":{"name":"render","decl":{"start":{"line":25,"column":2},"end":{"line":88,"column":3}},"loc":{"start":{"line":25,"column":2},"end":{"line":88,"column":3}},"line":25}},"f":{"0":1,"1":1,"2":1,"3":2}}
,"/Users/developer/Desktop/lit-marvel/src/components/character-detail/header-character-detail-style.js": {"path":"/Users/developer/Desktop/lit-marvel/src/components/character-detail/header-character-detail-style.js","all":false,"statementMap":{"0":{"start":{"line":1,"column":0},"end":{"line":1,"column":49}},"1":{"start":{"line":2,"column":0},"end":{"line":2,"column":55}},"3":{"start":{"line":4,"column":0},"end":{"line":4,"column":46}},"4":{"start":{"line":5,"column":0},"end":{"line":5,"column":16}},"5":{"start":{"line":6,"column":0},"end":{"line":6,"column":17}},"6":{"start":{"line":7,"column":0},"end":{"line":7,"column":45}},"7":{"start":{"line":8,"column":0},"end":{"line":8,"column":15}},"8":{"start":{"line":9,"column":0},"end":{"line":9,"column":18}},"9":{"start":{"line":10,"column":0},"end":{"line":10,"column":25}},"10":{"start":{"line":11,"column":0},"end":{"line":11,"column":21}},"11":{"start":{"line":12,"column":0},"end":{"line":12,"column":23}},"12":{"start":{"line":13,"column":0},"end":{"line":13,"column":10}},"13":{"start":{"line":14,"column":0},"end":{"line":14,"column":13}},"14":{"start":{"line":15,"column":0},"end":{"line":15,"column":29}},"15":{"start":{"line":16,"column":0},"end":{"line":16,"column":29}},"16":{"start":{"line":17,"column":0},"end":{"line":17,"column":12}},"17":{"start":{"line":18,"column":0},"end":{"line":18,"column":6}},"18":{"start":{"line":19,"column":0},"end":{"line":19,"column":3}},"20":{"start":{"line":21,"column":0},"end":{"line":21,"column":19}},"21":{"start":{"line":22,"column":0},"end":{"line":22,"column":18}},"22":{"start":{"line":23,"column":0},"end":{"line":23,"column":27}},"23":{"start":{"line":24,"column":0},"end":{"line":24,"column":17}},"24":{"start":{"line":25,"column":0},"end":{"line":25,"column":17}},"25":{"start":{"line":26,"column":0},"end":{"line":26,"column":17}},"26":{"start":{"line":27,"column":0},"end":{"line":27,"column":19}},"27":{"start":{"line":28,"column":0},"end":{"line":28,"column":23}},"28":{"start":{"line":29,"column":0},"end":{"line":29,"column":15}},"29":{"start":{"line":30,"column":0},"end":{"line":30,"column":11}},"30":{"start":{"line":31,"column":0},"end":{"line":31,"column":3}},"32":{"start":{"line":33,"column":0},"end":{"line":33,"column":12}},"33":{"start":{"line":34,"column":0},"end":{"line":34,"column":16}},"34":{"start":{"line":35,"column":0},"end":{"line":35,"column":18}},"35":{"start":{"line":36,"column":0},"end":{"line":36,"column":18}},"36":{"start":{"line":37,"column":0},"end":{"line":37,"column":25}},"37":{"start":{"line":38,"column":0},"end":{"line":38,"column":32}},"38":{"start":{"line":39,"column":0},"end":{"line":39,"column":21}},"39":{"start":{"line":40,"column":0},"end":{"line":40,"column":3}},"41":{"start":{"line":42,"column":0},"end":{"line":42,"column":26}},"42":{"start":{"line":43,"column":0},"end":{"line":43,"column":16}},"43":{"start":{"line":44,"column":0},"end":{"line":44,"column":18}},"44":{"start":{"line":45,"column":0},"end":{"line":45,"column":22}},"45":{"start":{"line":46,"column":0},"end":{"line":46,"column":21}},"46":{"start":{"line":47,"column":0},"end":{"line":47,"column":21}},"47":{"start":{"line":48,"column":0},"end":{"line":48,"column":21}},"48":{"start":{"line":49,"column":0},"end":{"line":49,"column":17}},"49":{"start":{"line":50,"column":0},"end":{"line":50,"column":19}},"50":{"start":{"line":51,"column":0},"end":{"line":51,"column":3}},"52":{"start":{"line":53,"column":0},"end":{"line":53,"column":13}},"53":{"start":{"line":54,"column":0},"end":{"line":54,"column":17}},"54":{"start":{"line":55,"column":0},"end":{"line":55,"column":18}},"55":{"start":{"line":56,"column":0},"end":{"line":56,"column":27}},"56":{"start":{"line":57,"column":0},"end":{"line":57,"column":28}},"57":{"start":{"line":58,"column":0},"end":{"line":58,"column":16}},"58":{"start":{"line":59,"column":0},"end":{"line":59,"column":18}},"59":{"start":{"line":60,"column":0},"end":{"line":60,"column":17}},"60":{"start":{"line":61,"column":0},"end":{"line":61,"column":3}},"62":{"start":{"line":63,"column":0},"end":{"line":63,"column":23}},"63":{"start":{"line":64,"column":0},"end":{"line":64,"column":18}},"64":{"start":{"line":65,"column":0},"end":{"line":65,"column":24}},"65":{"start":{"line":66,"column":0},"end":{"line":66,"column":27}},"66":{"start":{"line":67,"column":0},"end":{"line":67,"column":16}},"67":{"start":{"line":68,"column":0},"end":{"line":68,"column":16}},"68":{"start":{"line":69,"column":0},"end":{"line":69,"column":3}},"70":{"start":{"line":71,"column":0},"end":{"line":71,"column":19}},"71":{"start":{"line":72,"column":0},"end":{"line":72,"column":22}},"72":{"start":{"line":73,"column":0},"end":{"line":73,"column":21}},"73":{"start":{"line":74,"column":0},"end":{"line":74,"column":25}},"74":{"start":{"line":75,"column":0},"end":{"line":75,"column":28}},"75":{"start":{"line":76,"column":0},"end":{"line":76,"column":17}},"76":{"start":{"line":77,"column":0},"end":{"line":77,"column":30}},"77":{"start":{"line":78,"column":0},"end":{"line":78,"column":12}},"78":{"start":{"line":79,"column":0},"end":{"line":79,"column":3}},"80":{"start":{"line":81,"column":0},"end":{"line":81,"column":26}},"81":{"start":{"line":82,"column":0},"end":{"line":82,"column":22}},"82":{"start":{"line":83,"column":0},"end":{"line":83,"column":19}},"83":{"start":{"line":84,"column":0},"end":{"line":84,"column":14}},"84":{"start":{"line":85,"column":0},"end":{"line":85,"column":21}},"85":{"start":{"line":86,"column":0},"end":{"line":86,"column":21}},"86":{"start":{"line":87,"column":0},"end":{"line":87,"column":3}},"88":{"start":{"line":89,"column":0},"end":{"line":89,"column":21}},"89":{"start":{"line":90,"column":0},"end":{"line":90,"column":21}},"90":{"start":{"line":91,"column":0},"end":{"line":91,"column":18}},"91":{"start":{"line":92,"column":0},"end":{"line":92,"column":24}},"92":{"start":{"line":93,"column":0},"end":{"line":93,"column":16}},"93":{"start":{"line":94,"column":0},"end":{"line":94,"column":24}},"94":{"start":{"line":95,"column":0},"end":{"line":95,"column":3}},"96":{"start":{"line":97,"column":0},"end":{"line":97,"column":28}},"97":{"start":{"line":98,"column":0},"end":{"line":98,"column":18}},"98":{"start":{"line":99,"column":0},"end":{"line":99,"column":19}},"99":{"start":{"line":100,"column":0},"end":{"line":100,"column":5}},"101":{"start":{"line":102,"column":0},"end":{"line":102,"column":21}},"102":{"start":{"line":103,"column":0},"end":{"line":103,"column":26}},"103":{"start":{"line":104,"column":0},"end":{"line":104,"column":26}},"104":{"start":{"line":105,"column":0},"end":{"line":105,"column":26}},"105":{"start":{"line":106,"column":0},"end":{"line":106,"column":5}},"107":{"start":{"line":108,"column":0},"end":{"line":108,"column":14}},"108":{"start":{"line":109,"column":0},"end":{"line":109,"column":19}},"109":{"start":{"line":110,"column":0},"end":{"line":110,"column":20}},"110":{"start":{"line":111,"column":0},"end":{"line":111,"column":5}},"112":{"start":{"line":113,"column":0},"end":{"line":113,"column":28}},"113":{"start":{"line":114,"column":0},"end":{"line":114,"column":19}},"114":{"start":{"line":115,"column":0},"end":{"line":115,"column":20}},"115":{"start":{"line":116,"column":0},"end":{"line":116,"column":5}},"117":{"start":{"line":118,"column":0},"end":{"line":118,"column":15}},"118":{"start":{"line":119,"column":0},"end":{"line":119,"column":20}},"119":{"start":{"line":120,"column":0},"end":{"line":120,"column":18}},"120":{"start":{"line":121,"column":0},"end":{"line":121,"column":5}},"122":{"start":{"line":123,"column":0},"end":{"line":123,"column":25}},"123":{"start":{"line":124,"column":0},"end":{"line":124,"column":18}},"124":{"start":{"line":125,"column":0},"end":{"line":125,"column":5}},"126":{"start":{"line":127,"column":0},"end":{"line":127,"column":21}},"127":{"start":{"line":128,"column":0},"end":{"line":128,"column":24}},"128":{"start":{"line":129,"column":0},"end":{"line":129,"column":27}},"129":{"start":{"line":130,"column":0},"end":{"line":130,"column":5}},"131":{"start":{"line":132,"column":0},"end":{"line":132,"column":28}},"132":{"start":{"line":133,"column":0},"end":{"line":133,"column":22}},"133":{"start":{"line":134,"column":0},"end":{"line":134,"column":23}},"134":{"start":{"line":135,"column":0},"end":{"line":135,"column":5}},"136":{"start":{"line":137,"column":0},"end":{"line":137,"column":23}},"137":{"start":{"line":138,"column":0},"end":{"line":138,"column":18}},"138":{"start":{"line":139,"column":0},"end":{"line":139,"column":26}},"139":{"start":{"line":140,"column":0},"end":{"line":140,"column":5}},"140":{"start":{"line":141,"column":0},"end":{"line":141,"column":5}},"142":{"start":{"line":143,"column":0},"end":{"line":143,"column":29}},"143":{"start":{"line":144,"column":0},"end":{"line":144,"column":18}},"144":{"start":{"line":145,"column":0},"end":{"line":145,"column":25}},"145":{"start":{"line":146,"column":0},"end":{"line":146,"column":12}},"146":{"start":{"line":147,"column":0},"end":{"line":147,"column":15}},"147":{"start":{"line":148,"column":0},"end":{"line":148,"column":31}},"148":{"start":{"line":149,"column":0},"end":{"line":149,"column":31}},"149":{"start":{"line":150,"column":0},"end":{"line":150,"column":14}},"150":{"start":{"line":151,"column":0},"end":{"line":151,"column":8}},"151":{"start":{"line":152,"column":0},"end":{"line":152,"column":5}},"153":{"start":{"line":154,"column":0},"end":{"line":154,"column":21}},"154":{"start":{"line":155,"column":0},"end":{"line":155,"column":24}},"155":{"start":{"line":156,"column":0},"end":{"line":156,"column":21}},"156":{"start":{"line":157,"column":0},"end":{"line":157,"column":5}},"158":{"start":{"line":159,"column":0},"end":{"line":159,"column":14}},"159":{"start":{"line":160,"column":0},"end":{"line":160,"column":22}},"160":{"start":{"line":161,"column":0},"end":{"line":161,"column":5}},"162":{"start":{"line":163,"column":0},"end":{"line":163,"column":28}},"163":{"start":{"line":164,"column":0},"end":{"line":164,"column":19}},"164":{"start":{"line":165,"column":0},"end":{"line":165,"column":5}},"166":{"start":{"line":167,"column":0},"end":{"line":167,"column":15}},"167":{"start":{"line":168,"column":0},"end":{"line":168,"column":24}},"168":{"start":{"line":169,"column":0},"end":{"line":169,"column":18}},"169":{"start":{"line":170,"column":0},"end":{"line":170,"column":5}},"171":{"start":{"line":172,"column":0},"end":{"line":172,"column":25}},"172":{"start":{"line":173,"column":0},"end":{"line":173,"column":16}},"173":{"start":{"line":174,"column":0},"end":{"line":174,"column":5}},"175":{"start":{"line":176,"column":0},"end":{"line":176,"column":21}},"176":{"start":{"line":177,"column":0},"end":{"line":177,"column":24}},"177":{"start":{"line":178,"column":0},"end":{"line":178,"column":27}},"178":{"start":{"line":179,"column":0},"end":{"line":179,"column":5}},"180":{"start":{"line":181,"column":0},"end":{"line":181,"column":28}},"181":{"start":{"line":182,"column":0},"end":{"line":182,"column":24}},"182":{"start":{"line":183,"column":0},"end":{"line":183,"column":23}},"183":{"start":{"line":184,"column":0},"end":{"line":184,"column":5}},"185":{"start":{"line":186,"column":0},"end":{"line":186,"column":23}},"186":{"start":{"line":187,"column":0},"end":{"line":187,"column":18}},"187":{"start":{"line":188,"column":0},"end":{"line":188,"column":24}},"188":{"start":{"line":189,"column":0},"end":{"line":189,"column":5}},"189":{"start":{"line":190,"column":0},"end":{"line":190,"column":5}},"190":{"start":{"line":191,"column":0},"end":{"line":191,"column":2}}},"s":{"0":1,"1":1,"3":1,"4":1,"5":1,"6":1,"7":1,"8":1,"9":1,"10":1,"11":1,"12":1,"13":1,"14":1,"15":1,"16":1,"17":1,"18":1,"20":1,"21":1,"22":1,"23":1,"24":1,"25":1,"26":1,"27":1,"28":1,"29":1,"30":1,"32":1,"33":1,"34":1,"35":1,"36":1,"37":1,"38":1,"39":1,"41":1,"42":1,"43":1,"44":1,"45":1,"46":1,"47":1,"48":1,"49":1,"50":1,"52":1,"53":1,"54":1,"55":1,"56":1,"57":1,"58":1,"59":1,"60":1,"62":1,"63":1,"64":1,"65":1,"66":1,"67":1,"68":1,"70":1,"71":1,"72":1,"73":1,"74":1,"75":1,"76":1,"77":1,"78":1,"80":1,"81":1,"82":1,"83":1,"84":1,"85":1,"86":1,"88":1,"89":1,"90":1,"91":1,"92":1,"93":1,"94":1,"96":1,"97":1,"98":1,"99":1,"101":1,"102":1,"103":1,"104":1,"105":1,"107":1,"108":1,"109":1,"110":1,"112":1,"113":1,"114":1,"115":1,"117":1,"118":1,"119":1,"120":1,"122":1,"123":1,"124":1,"126":1,"127":1,"128":1,"129":1,"131":1,"132":1,"133":1,"134":1,"136":1,"137":1,"138":1,"139":1,"140":1,"142":1,"143":1,"144":1,"145":1,"146":1,"147":1,"148":1,"149":1,"150":1,"151":1,"153":1,"154":1,"155":1,"156":1,"158":1,"159":1,"160":1,"162":1,"163":1,"164":1,"166":1,"167":1,"168":1,"169":1,"171":1,"172":1,"173":1,"175":1,"176":1,"177":1,"178":1,"180":1,"181":1,"182":1,"183":1,"185":1,"186":1,"187":1,"188":1,"189":1,"190":1},"branchMap":{},"b":{},"fnMap":{},"f":{}}
,"/Users/developer/Desktop/lit-marvel/src/components/character-detail/header-character-detail.js": {"path":"/Users/developer/Desktop/lit-marvel/src/components/character-detail/header-character-detail.js","all":false,"statementMap":{"0":{"start":{"line":1,"column":0},"end":{"line":1,"column":62}},"1":{"start":{"line":2,"column":0},"end":{"line":2,"column":111}},"2":{"start":{"line":3,"column":0},"end":{"line":3,"column":51}},"3":{"start":{"line":4,"column":0},"end":{"line":4,"column":62}},"5":{"start":{"line":6,"column":0},"end":{"line":6,"column":55}},"6":{"start":{"line":7,"column":0},"end":{"line":7,"column":23}},"7":{"start":{"line":8,"column":0},"end":{"line":8,"column":32}},"8":{"start":{"line":9,"column":0},"end":{"line":9,"column":4}},"10":{"start":{"line":11,"column":0},"end":{"line":11,"column":23}},"11":{"start":{"line":12,"column":0},"end":{"line":12,"column":40}},"12":{"start":{"line":13,"column":0},"end":{"line":13,"column":3}},"14":{"start":{"line":15,"column":0},"end":{"line":15,"column":28}},"15":{"start":{"line":16,"column":0},"end":{"line":16,"column":47}},"16":{"start":{"line":17,"column":0},"end":{"line":17,"column":23}},"17":{"start":{"line":18,"column":0},"end":{"line":18,"column":44}},"18":{"start":{"line":19,"column":0},"end":{"line":19,"column":22}},"19":{"start":{"line":20,"column":0},"end":{"line":20,"column":23}},"20":{"start":{"line":21,"column":0},"end":{"line":21,"column":8}},"21":{"start":{"line":22,"column":0},"end":{"line":22,"column":6}},"22":{"start":{"line":23,"column":0},"end":{"line":23,"column":3}},"24":{"start":{"line":25,"column":0},"end":{"line":25,"column":12}},"25":{"start":{"line":26,"column":0},"end":{"line":26,"column":26}},"26":{"start":{"line":27,"column":0},"end":{"line":27,"column":20}},"27":{"start":{"line":28,"column":0},"end":{"line":28,"column":5}},"29":{"start":{"line":30,"column":0},"end":{"line":30,"column":39}},"30":{"start":{"line":31,"column":0},"end":{"line":31,"column":31}},"31":{"start":{"line":32,"column":0},"end":{"line":32,"column":24}},"32":{"start":{"line":33,"column":0},"end":{"line":33,"column":6}},"34":{"start":{"line":35,"column":0},"end":{"line":35,"column":16}},"35":{"start":{"line":36,"column":0},"end":{"line":36,"column":35}},"36":{"start":{"line":37,"column":0},"end":{"line":37,"column":36}},"37":{"start":{"line":38,"column":0},"end":{"line":38,"column":31}},"38":{"start":{"line":39,"column":0},"end":{"line":39,"column":16}},"39":{"start":{"line":40,"column":0},"end":{"line":40,"column":43}},"40":{"start":{"line":41,"column":0},"end":{"line":41,"column":31}},"41":{"start":{"line":42,"column":0},"end":{"line":42,"column":42}},"42":{"start":{"line":43,"column":0},"end":{"line":43,"column":14}},"43":{"start":{"line":44,"column":0},"end":{"line":44,"column":16}},"44":{"start":{"line":45,"column":0},"end":{"line":45,"column":32}},"45":{"start":{"line":46,"column":0},"end":{"line":46,"column":44}},"46":{"start":{"line":47,"column":0},"end":{"line":47,"column":68}},"47":{"start":{"line":48,"column":0},"end":{"line":48,"column":44}},"48":{"start":{"line":49,"column":0},"end":{"line":49,"column":32}},"49":{"start":{"line":50,"column":0},"end":{"line":50,"column":51}},"50":{"start":{"line":51,"column":0},"end":{"line":51,"column":46}},"51":{"start":{"line":52,"column":0},"end":{"line":52,"column":65}},"52":{"start":{"line":53,"column":0},"end":{"line":53,"column":30}},"53":{"start":{"line":54,"column":0},"end":{"line":54,"column":66}},"54":{"start":{"line":55,"column":0},"end":{"line":55,"column":35}},"55":{"start":{"line":56,"column":0},"end":{"line":56,"column":20}},"56":{"start":{"line":57,"column":0},"end":{"line":57,"column":18}},"57":{"start":{"line":58,"column":0},"end":{"line":58,"column":45}},"58":{"start":{"line":59,"column":0},"end":{"line":59,"column":45}},"59":{"start":{"line":60,"column":0},"end":{"line":60,"column":75}},"60":{"start":{"line":61,"column":0},"end":{"line":61,"column":16}},"61":{"start":{"line":62,"column":0},"end":{"line":62,"column":16}},"62":{"start":{"line":63,"column":0},"end":{"line":63,"column":14}},"63":{"start":{"line":64,"column":0},"end":{"line":64,"column":16}},"64":{"start":{"line":65,"column":0},"end":{"line":65,"column":6}},"65":{"start":{"line":66,"column":0},"end":{"line":66,"column":3}},"66":{"start":{"line":67,"column":0},"end":{"line":67,"column":1}},"68":{"start":{"line":69,"column":0},"end":{"line":69,"column":72}}},"s":{"0":1,"1":1,"2":1,"3":1,"5":1,"6":1,"7":1,"8":1,"10":1,"11":1,"12":1,"14":1,"15":0,"16":0,"17":0,"18":0,"19":0,"20":0,"21":0,"22":0,"24":1,"25":1,"26":0,"27":0,"29":1,"30":1,"31":1,"32":1,"34":1,"35":1,"36":1,"37":1,"38":1,"39":1,"40":1,"41":1,"42":1,"43":1,"44":1,"45":1,"46":1,"47":1,"48":1,"49":1,"50":1,"51":1,"52":1,"53":1,"54":1,"55":1,"56":1,"57":1,"58":1,"59":1,"60":1,"61":1,"62":1,"63":1,"64":1,"65":1,"66":1,"68":1},"branchMap":{"0":{"type":"branch","line":7,"loc":{"start":{"line":7,"column":2},"end":{"line":9,"column":3}},"locations":[{"start":{"line":7,"column":2},"end":{"line":9,"column":3}}]},"1":{"type":"branch","line":11,"loc":{"start":{"line":11,"column":9},"end":{"line":13,"column":3}},"locations":[{"start":{"line":11,"column":9},"end":{"line":13,"column":3}}]},"2":{"type":"branch","line":25,"loc":{"start":{"line":25,"column":2},"end":{"line":66,"column":3}},"locations":[{"start":{"line":25,"column":2},"end":{"line":66,"column":3}}]},"3":{"type":"branch","line":26,"loc":{"start":{"line":26,"column":25},"end":{"line":28,"column":5}},"locations":[{"start":{"line":26,"column":25},"end":{"line":28,"column":5}}]}},"b":{"0":[1],"1":[1],"2":[1],"3":[0]},"fnMap":{"0":{"name":"<static_initializer>","decl":{"start":{"line":7,"column":2},"end":{"line":9,"column":3}},"loc":{"start":{"line":7,"column":2},"end":{"line":9,"column":3}},"line":7},"1":{"name":"get styles","decl":{"start":{"line":11,"column":9},"end":{"line":13,"column":3}},"loc":{"start":{"line":11,"column":9},"end":{"line":13,"column":3}},"line":11},"2":{"name":"_handleFavoriteToggled","decl":{"start":{"line":15,"column":2},"end":{"line":23,"column":3}},"loc":{"start":{"line":15,"column":2},"end":{"line":23,"column":3}},"line":15},"3":{"name":"render","decl":{"start":{"line":25,"column":2},"end":{"line":66,"column":3}},"loc":{"start":{"line":25,"column":2},"end":{"line":66,"column":3}},"line":25}},"f":{"0":1,"1":1,"2":0,"3":1}}
,"/Users/developer/Desktop/lit-marvel/src/components/common/character-card-style.js": {"path":"/Users/developer/Desktop/lit-marvel/src/components/common/character-card-style.js","all":false,"statementMap":{"0":{"start":{"line":1,"column":0},"end":{"line":1,"column":49}},"2":{"start":{"line":3,"column":0},"end":{"line":3,"column":38}},"3":{"start":{"line":4,"column":0},"end":{"line":4,"column":9}},"4":{"start":{"line":5,"column":0},"end":{"line":5,"column":19}},"5":{"start":{"line":6,"column":0},"end":{"line":6,"column":20}},"6":{"start":{"line":7,"column":0},"end":{"line":7,"column":22}},"7":{"start":{"line":8,"column":0},"end":{"line":8,"column":19}},"8":{"start":{"line":9,"column":0},"end":{"line":9,"column":3}},"9":{"start":{"line":10,"column":0},"end":{"line":10,"column":9}},"10":{"start":{"line":11,"column":0},"end":{"line":11,"column":16}},"11":{"start":{"line":12,"column":0},"end":{"line":12,"column":28}},"12":{"start":{"line":13,"column":0},"end":{"line":13,"column":21}},"13":{"start":{"line":14,"column":0},"end":{"line":14,"column":46}},"14":{"start":{"line":15,"column":0},"end":{"line":15,"column":32}},"15":{"start":{"line":16,"column":0},"end":{"line":16,"column":23}},"16":{"start":{"line":17,"column":0},"end":{"line":17,"column":10}},"17":{"start":{"line":18,"column":0},"end":{"line":18,"column":13}},"18":{"start":{"line":19,"column":0},"end":{"line":19,"column":29}},"19":{"start":{"line":20,"column":0},"end":{"line":20,"column":29}},"20":{"start":{"line":21,"column":0},"end":{"line":21,"column":12}},"21":{"start":{"line":22,"column":0},"end":{"line":22,"column":6}},"22":{"start":{"line":23,"column":0},"end":{"line":23,"column":3}},"23":{"start":{"line":24,"column":0},"end":{"line":24,"column":15}},"24":{"start":{"line":25,"column":0},"end":{"line":25,"column":47}},"25":{"start":{"line":26,"column":0},"end":{"line":26,"column":3}},"26":{"start":{"line":27,"column":0},"end":{"line":27,"column":20}},"27":{"start":{"line":28,"column":0},"end":{"line":28,"column":16}},"28":{"start":{"line":29,"column":0},"end":{"line":29,"column":54}},"29":{"start":{"line":30,"column":0},"end":{"line":30,"column":21}},"30":{"start":{"line":31,"column":0},"end":{"line":31,"column":21}},"31":{"start":{"line":32,"column":0},"end":{"line":32,"column":47}},"32":{"start":{"line":33,"column":0},"end":{"line":33,"column":23}},"33":{"start":{"line":34,"column":0},"end":{"line":34,"column":3}},"34":{"start":{"line":35,"column":0},"end":{"line":35,"column":20}},"35":{"start":{"line":36,"column":0},"end":{"line":36,"column":16}},"36":{"start":{"line":37,"column":0},"end":{"line":37,"column":17}},"37":{"start":{"line":38,"column":0},"end":{"line":38,"column":22}},"38":{"start":{"line":39,"column":0},"end":{"line":39,"column":67}},"39":{"start":{"line":40,"column":0},"end":{"line":40,"column":19}},"40":{"start":{"line":41,"column":0},"end":{"line":41,"column":63}},"41":{"start":{"line":42,"column":0},"end":{"line":42,"column":57}},"42":{"start":{"line":43,"column":0},"end":{"line":43,"column":15}},"43":{"start":{"line":44,"column":0},"end":{"line":44,"column":15}},"44":{"start":{"line":45,"column":0},"end":{"line":45,"column":24}},"45":{"start":{"line":46,"column":0},"end":{"line":46,"column":53}},"46":{"start":{"line":47,"column":0},"end":{"line":47,"column":3}},"48":{"start":{"line":49,"column":0},"end":{"line":49,"column":40}},"49":{"start":{"line":50,"column":0},"end":{"line":50,"column":15}},"50":{"start":{"line":51,"column":0},"end":{"line":51,"column":3}},"52":{"start":{"line":53,"column":0},"end":{"line":53,"column":18}},"53":{"start":{"line":54,"column":0},"end":{"line":54,"column":23}},"54":{"start":{"line":55,"column":0},"end":{"line":55,"column":11}},"55":{"start":{"line":56,"column":0},"end":{"line":56,"column":12}},"56":{"start":{"line":57,"column":0},"end":{"line":57,"column":16}},"57":{"start":{"line":58,"column":0},"end":{"line":58,"column":17}},"58":{"start":{"line":59,"column":0},"end":{"line":59,"column":18}},"59":{"start":{"line":60,"column":0},"end":{"line":60,"column":24}},"60":{"start":{"line":61,"column":0},"end":{"line":61,"column":28}},"61":{"start":{"line":62,"column":0},"end":{"line":62,"column":21}},"62":{"start":{"line":63,"column":0},"end":{"line":63,"column":15}},"63":{"start":{"line":64,"column":0},"end":{"line":64,"column":3}},"65":{"start":{"line":66,"column":0},"end":{"line":66,"column":32}},"66":{"start":{"line":67,"column":0},"end":{"line":67,"column":27}},"67":{"start":{"line":68,"column":0},"end":{"line":68,"column":3}},"68":{"start":{"line":69,"column":0},"end":{"line":69,"column":16}},"69":{"start":{"line":70,"column":0},"end":{"line":70,"column":22}},"70":{"start":{"line":71,"column":0},"end":{"line":71,"column":17}},"71":{"start":{"line":72,"column":0},"end":{"line":72,"column":18}},"72":{"start":{"line":73,"column":0},"end":{"line":73,"column":24}},"73":{"start":{"line":74,"column":0},"end":{"line":74,"column":35}},"74":{"start":{"line":75,"column":0},"end":{"line":75,"column":33}},"75":{"start":{"line":76,"column":0},"end":{"line":76,"column":23}},"76":{"start":{"line":77,"column":0},"end":{"line":77,"column":21}},"77":{"start":{"line":78,"column":0},"end":{"line":78,"column":28}},"78":{"start":{"line":79,"column":0},"end":{"line":79,"column":21}},"79":{"start":{"line":80,"column":0},"end":{"line":80,"column":15}},"80":{"start":{"line":81,"column":0},"end":{"line":81,"column":3}},"81":{"start":{"line":82,"column":0},"end":{"line":82,"column":24}},"82":{"start":{"line":83,"column":0},"end":{"line":83,"column":16}},"83":{"start":{"line":84,"column":0},"end":{"line":84,"column":23}},"84":{"start":{"line":85,"column":0},"end":{"line":85,"column":12}},"85":{"start":{"line":86,"column":0},"end":{"line":86,"column":11}},"86":{"start":{"line":87,"column":0},"end":{"line":87,"column":16}},"87":{"start":{"line":88,"column":0},"end":{"line":88,"column":15}},"88":{"start":{"line":89,"column":0},"end":{"line":89,"column":34}},"89":{"start":{"line":90,"column":0},"end":{"line":90,"column":15}},"90":{"start":{"line":91,"column":0},"end":{"line":91,"column":60}},"91":{"start":{"line":92,"column":0},"end":{"line":92,"column":3}},"92":{"start":{"line":93,"column":0},"end":{"line":93,"column":36}},"93":{"start":{"line":94,"column":0},"end":{"line":94,"column":17}},"94":{"start":{"line":95,"column":0},"end":{"line":95,"column":3}},"95":{"start":{"line":96,"column":0},"end":{"line":96,"column":19}},"96":{"start":{"line":97,"column":0},"end":{"line":97,"column":20}},"97":{"start":{"line":98,"column":0},"end":{"line":98,"column":21}},"98":{"start":{"line":99,"column":0},"end":{"line":99,"column":27}},"99":{"start":{"line":100,"column":0},"end":{"line":100,"column":30}},"100":{"start":{"line":101,"column":0},"end":{"line":101,"column":16}},"101":{"start":{"line":102,"column":0},"end":{"line":102,"column":12}},"102":{"start":{"line":103,"column":0},"end":{"line":103,"column":21}},"103":{"start":{"line":104,"column":0},"end":{"line":104,"column":24}},"104":{"start":{"line":105,"column":0},"end":{"line":105,"column":21}},"105":{"start":{"line":106,"column":0},"end":{"line":106,"column":28}},"106":{"start":{"line":107,"column":0},"end":{"line":107,"column":15}},"107":{"start":{"line":108,"column":0},"end":{"line":108,"column":3}},"109":{"start":{"line":110,"column":0},"end":{"line":110,"column":63}},"110":{"start":{"line":111,"column":0},"end":{"line":111,"column":19}},"111":{"start":{"line":112,"column":0},"end":{"line":112,"column":23}},"112":{"start":{"line":113,"column":0},"end":{"line":113,"column":16}},"113":{"start":{"line":114,"column":0},"end":{"line":114,"column":3}},"114":{"start":{"line":115,"column":0},"end":{"line":115,"column":2}}},"s":{"0":1,"2":1,"3":1,"4":1,"5":1,"6":1,"7":1,"8":1,"9":1,"10":1,"11":1,"12":1,"13":1,"14":1,"15":1,"16":1,"17":1,"18":1,"19":1,"20":1,"21":1,"22":1,"23":1,"24":1,"25":1,"26":1,"27":1,"28":1,"29":1,"30":1,"31":1,"32":1,"33":1,"34":1,"35":1,"36":1,"37":1,"38":1,"39":1,"40":1,"41":1,"42":1,"43":1,"44":1,"45":1,"46":1,"48":1,"49":1,"50":1,"52":1,"53":1,"54":1,"55":1,"56":1,"57":1,"58":1,"59":1,"60":1,"61":1,"62":1,"63":1,"65":1,"66":1,"67":1,"68":1,"69":1,"70":1,"71":1,"72":1,"73":1,"74":1,"75":1,"76":1,"77":1,"78":1,"79":1,"80":1,"81":1,"82":1,"83":1,"84":1,"85":1,"86":1,"87":1,"88":1,"89":1,"90":1,"91":1,"92":1,"93":1,"94":1,"95":1,"96":1,"97":1,"98":1,"99":1,"100":1,"101":1,"102":1,"103":1,"104":1,"105":1,"106":1,"107":1,"109":1,"110":1,"111":1,"112":1,"113":1,"114":1},"branchMap":{},"b":{},"fnMap":{},"f":{}}
,"/Users/developer/Desktop/lit-marvel/src/components/common/character-card.js": {"path":"/Users/developer/Desktop/lit-marvel/src/components/common/character-card.js","all":false,"statementMap":{"0":{"start":{"line":1,"column":0},"end":{"line":1,"column":62}},"1":{"start":{"line":2,"column":0},"end":{"line":2,"column":84}},"2":{"start":{"line":3,"column":0},"end":{"line":3,"column":51}},"3":{"start":{"line":4,"column":0},"end":{"line":4,"column":50}},"4":{"start":{"line":5,"column":0},"end":{"line":5,"column":8}},"9":{"start":{"line":10,"column":0},"end":{"line":10,"column":47}},"10":{"start":{"line":11,"column":0},"end":{"line":11,"column":23}},"11":{"start":{"line":12,"column":0},"end":{"line":12,"column":32}},"12":{"start":{"line":13,"column":0},"end":{"line":13,"column":35}},"13":{"start":{"line":14,"column":0},"end":{"line":14,"column":34}},"14":{"start":{"line":15,"column":0},"end":{"line":15,"column":4}},"16":{"start":{"line":17,"column":0},"end":{"line":17,"column":23}},"17":{"start":{"line":18,"column":0},"end":{"line":18,"column":32}},"18":{"start":{"line":19,"column":0},"end":{"line":19,"column":3}},"20":{"start":{"line":21,"column":0},"end":{"line":21,"column":17}},"21":{"start":{"line":22,"column":0},"end":{"line":22,"column":12}},"22":{"start":{"line":23,"column":0},"end":{"line":23,"column":29}},"23":{"start":{"line":24,"column":0},"end":{"line":24,"column":28}},"24":{"start":{"line":25,"column":0},"end":{"line":25,"column":3}},"26":{"start":{"line":27,"column":0},"end":{"line":27,"column":18}},"27":{"start":{"line":28,"column":0},"end":{"line":28,"column":23}},"28":{"start":{"line":29,"column":0},"end":{"line":29,"column":42}},"29":{"start":{"line":30,"column":0},"end":{"line":30,"column":31}},"30":{"start":{"line":31,"column":0},"end":{"line":31,"column":22}},"31":{"start":{"line":32,"column":0},"end":{"line":32,"column":23}},"32":{"start":{"line":33,"column":0},"end":{"line":33,"column":8}},"33":{"start":{"line":34,"column":0},"end":{"line":34,"column":6}},"34":{"start":{"line":35,"column":0},"end":{"line":35,"column":3}},"36":{"start":{"line":37,"column":0},"end":{"line":37,"column":29}},"37":{"start":{"line":38,"column":0},"end":{"line":38,"column":48}},"38":{"start":{"line":39,"column":0},"end":{"line":39,"column":23}},"39":{"start":{"line":40,"column":0},"end":{"line":40,"column":42}},"40":{"start":{"line":41,"column":0},"end":{"line":41,"column":25}},"41":{"start":{"line":42,"column":0},"end":{"line":42,"column":22}},"42":{"start":{"line":43,"column":0},"end":{"line":43,"column":23}},"43":{"start":{"line":44,"column":0},"end":{"line":44,"column":8}},"44":{"start":{"line":45,"column":0},"end":{"line":45,"column":6}},"45":{"start":{"line":46,"column":0},"end":{"line":46,"column":3}},"47":{"start":{"line":48,"column":0},"end":{"line":48,"column":24}},"48":{"start":{"line":49,"column":0},"end":{"line":49,"column":51}},"49":{"start":{"line":50,"column":0},"end":{"line":50,"column":27}},"50":{"start":{"line":51,"column":0},"end":{"line":51,"column":55}},"51":{"start":{"line":52,"column":0},"end":{"line":52,"column":24}},"52":{"start":{"line":53,"column":0},"end":{"line":53,"column":3}},"54":{"start":{"line":55,"column":0},"end":{"line":55,"column":22}},"55":{"start":{"line":56,"column":0},"end":{"line":56,"column":28}},"56":{"start":{"line":57,"column":0},"end":{"line":57,"column":3}},"58":{"start":{"line":59,"column":0},"end":{"line":59,"column":12}},"59":{"start":{"line":60,"column":0},"end":{"line":60,"column":39}},"61":{"start":{"line":62,"column":0},"end":{"line":62,"column":45}},"62":{"start":{"line":63,"column":0},"end":{"line":63,"column":65}},"64":{"start":{"line":65,"column":0},"end":{"line":65,"column":16}},"65":{"start":{"line":66,"column":0},"end":{"line":66,"column":52}},"66":{"start":{"line":67,"column":0},"end":{"line":67,"column":37}},"67":{"start":{"line":68,"column":0},"end":{"line":68,"column":29}},"68":{"start":{"line":69,"column":0},"end":{"line":69,"column":19}},"69":{"start":{"line":70,"column":0},"end":{"line":70,"column":43}},"70":{"start":{"line":71,"column":0},"end":{"line":71,"column":64}},"71":{"start":{"line":72,"column":0},"end":{"line":72,"column":22}},"72":{"start":{"line":73,"column":0},"end":{"line":73,"column":15}},"73":{"start":{"line":74,"column":0},"end":{"line":74,"column":17}},"74":{"start":{"line":75,"column":0},"end":{"line":75,"column":14}},"75":{"start":{"line":76,"column":0},"end":{"line":76,"column":35}},"76":{"start":{"line":77,"column":0},"end":{"line":77,"column":29}},"77":{"start":{"line":78,"column":0},"end":{"line":78,"column":40}},"78":{"start":{"line":79,"column":0},"end":{"line":79,"column":26}},"79":{"start":{"line":80,"column":0},"end":{"line":80,"column":45}},"80":{"start":{"line":81,"column":0},"end":{"line":81,"column":44}},"81":{"start":{"line":82,"column":0},"end":{"line":82,"column":42}},"82":{"start":{"line":83,"column":0},"end":{"line":83,"column":12}},"83":{"start":{"line":84,"column":0},"end":{"line":84,"column":14}},"84":{"start":{"line":85,"column":0},"end":{"line":85,"column":33}},"85":{"start":{"line":86,"column":0},"end":{"line":86,"column":38}},"86":{"start":{"line":87,"column":0},"end":{"line":87,"column":55}},"87":{"start":{"line":88,"column":0},"end":{"line":88,"column":11}},"88":{"start":{"line":89,"column":0},"end":{"line":89,"column":26}},"89":{"start":{"line":90,"column":0},"end":{"line":90,"column":45}},"90":{"start":{"line":91,"column":0},"end":{"line":91,"column":40}},"91":{"start":{"line":92,"column":0},"end":{"line":92,"column":59}},"92":{"start":{"line":93,"column":0},"end":{"line":93,"column":25}},"93":{"start":{"line":94,"column":0},"end":{"line":94,"column":60}},"94":{"start":{"line":95,"column":0},"end":{"line":95,"column":29}},"95":{"start":{"line":96,"column":0},"end":{"line":96,"column":14}},"96":{"start":{"line":97,"column":0},"end":{"line":97,"column":12}},"97":{"start":{"line":98,"column":0},"end":{"line":98,"column":6}},"98":{"start":{"line":99,"column":0},"end":{"line":99,"column":3}},"99":{"start":{"line":100,"column":0},"end":{"line":100,"column":1}},"101":{"start":{"line":102,"column":0},"end":{"line":102,"column":55}}},"s":{"0":1,"1":1,"2":1,"3":1,"4":1,"9":1,"10":1,"11":4,"12":4,"13":4,"14":1,"16":1,"17":4,"18":4,"20":1,"21":29,"22":29,"23":29,"24":29,"26":1,"27":1,"28":1,"29":1,"30":1,"31":1,"32":1,"33":1,"34":1,"36":1,"37":1,"38":1,"39":1,"40":1,"41":1,"42":1,"43":1,"44":1,"45":1,"47":1,"48":0,"49":0,"50":0,"51":0,"52":0,"54":1,"55":0,"56":0,"58":1,"59":29,"61":29,"62":29,"64":29,"65":29,"66":29,"67":29,"68":29,"69":29,"70":29,"71":29,"72":29,"73":29,"74":29,"75":29,"76":29,"77":29,"78":29,"79":29,"80":29,"81":29,"82":29,"83":29,"84":29,"85":29,"86":29,"87":29,"88":29,"89":29,"90":29,"91":29,"92":29,"93":29,"94":29,"95":29,"96":29,"97":29,"98":29,"99":1,"101":1},"branchMap":{"0":{"type":"branch","line":11,"loc":{"start":{"line":11,"column":2},"end":{"line":15,"column":3}},"locations":[{"start":{"line":11,"column":2},"end":{"line":15,"column":3}}]},"1":{"type":"branch","line":17,"loc":{"start":{"line":17,"column":9},"end":{"line":19,"column":3}},"locations":[{"start":{"line":17,"column":9},"end":{"line":19,"column":3}}]},"2":{"type":"branch","line":21,"loc":{"start":{"line":21,"column":2},"end":{"line":25,"column":3}},"locations":[{"start":{"line":21,"column":2},"end":{"line":25,"column":3}}]},"3":{"type":"branch","line":27,"loc":{"start":{"line":27,"column":2},"end":{"line":35,"column":3}},"locations":[{"start":{"line":27,"column":2},"end":{"line":35,"column":3}}]},"4":{"type":"branch","line":37,"loc":{"start":{"line":37,"column":2},"end":{"line":46,"column":3}},"locations":[{"start":{"line":37,"column":2},"end":{"line":46,"column":3}}]},"5":{"type":"branch","line":59,"loc":{"start":{"line":59,"column":2},"end":{"line":99,"column":3}},"locations":[{"start":{"line":59,"column":2},"end":{"line":99,"column":3}}]},"6":{"type":"branch","line":60,"loc":{"start":{"line":60,"column":25},"end":{"line":60,"column":39}},"locations":[{"start":{"line":60,"column":25},"end":{"line":60,"column":39}}]},"7":{"type":"branch","line":74,"loc":{"start":{"line":74,"column":12},"end":{"line":74,"column":16}},"locations":[{"start":{"line":74,"column":12},"end":{"line":74,"column":16}}]},"8":{"type":"branch","line":92,"loc":{"start":{"line":92,"column":50},"end":{"line":92,"column":58}},"locations":[{"start":{"line":92,"column":50},"end":{"line":92,"column":58}}]}},"b":{"0":[4],"1":[4],"2":[29],"3":[1],"4":[1],"5":[29],"6":[0],"7":[0],"8":[18]},"fnMap":{"0":{"name":"<static_initializer>","decl":{"start":{"line":11,"column":2},"end":{"line":15,"column":3}},"loc":{"start":{"line":11,"column":2},"end":{"line":15,"column":3}},"line":11},"1":{"name":"get styles","decl":{"start":{"line":17,"column":9},"end":{"line":19,"column":3}},"loc":{"start":{"line":17,"column":9},"end":{"line":19,"column":3}},"line":17},"2":{"name":"CharacterCard","decl":{"start":{"line":21,"column":2},"end":{"line":25,"column":3}},"loc":{"start":{"line":21,"column":2},"end":{"line":25,"column":3}},"line":21},"3":{"name":"_handleClick","decl":{"start":{"line":27,"column":2},"end":{"line":35,"column":3}},"loc":{"start":{"line":27,"column":2},"end":{"line":35,"column":3}},"line":27},"4":{"name":"_handleFavoriteToggled","decl":{"start":{"line":37,"column":2},"end":{"line":46,"column":3}},"loc":{"start":{"line":37,"column":2},"end":{"line":46,"column":3}},"line":37},"5":{"name":"_handleImageError","decl":{"start":{"line":48,"column":2},"end":{"line":53,"column":3}},"loc":{"start":{"line":48,"column":2},"end":{"line":53,"column":3}},"line":48},"6":{"name":"_handleImageLoad","decl":{"start":{"line":55,"column":2},"end":{"line":57,"column":3}},"loc":{"start":{"line":55,"column":2},"end":{"line":57,"column":3}},"line":55},"7":{"name":"render","decl":{"start":{"line":59,"column":2},"end":{"line":99,"column":3}},"loc":{"start":{"line":59,"column":2},"end":{"line":99,"column":3}},"line":59}},"f":{"0":4,"1":4,"2":29,"3":1,"4":1,"5":0,"6":0,"7":29}}
,"/Users/developer/Desktop/lit-marvel/src/components/common/character-grid-style.js": {"path":"/Users/developer/Desktop/lit-marvel/src/components/common/character-grid-style.js","all":false,"statementMap":{"0":{"start":{"line":1,"column":0},"end":{"line":1,"column":49}},"1":{"start":{"line":2,"column":0},"end":{"line":2,"column":55}},"3":{"start":{"line":4,"column":0},"end":{"line":4,"column":38}},"4":{"start":{"line":5,"column":0},"end":{"line":5,"column":20}},"5":{"start":{"line":6,"column":0},"end":{"line":6,"column":18}},"6":{"start":{"line":7,"column":0},"end":{"line":7,"column":65}},"7":{"start":{"line":8,"column":0},"end":{"line":8,"column":16}},"8":{"start":{"line":9,"column":0},"end":{"line":9,"column":16}},"9":{"start":{"line":10,"column":0},"end":{"line":10,"column":15}},"10":{"start":{"line":11,"column":0},"end":{"line":11,"column":14}},"11":{"start":{"line":12,"column":0},"end":{"line":12,"column":27}},"12":{"start":{"line":13,"column":0},"end":{"line":13,"column":3}},"14":{"start":{"line":15,"column":0},"end":{"line":15,"column":28}},"15":{"start":{"line":16,"column":0},"end":{"line":16,"column":22}},"16":{"start":{"line":17,"column":0},"end":{"line":17,"column":16}},"17":{"start":{"line":18,"column":0},"end":{"line":18,"column":5}},"18":{"start":{"line":19,"column":0},"end":{"line":19,"column":5}},"19":{"start":{"line":20,"column":0},"end":{"line":20,"column":2}}},"s":{"0":1,"1":1,"3":1,"4":1,"5":1,"6":1,"7":1,"8":1,"9":1,"10":1,"11":1,"12":1,"14":1,"15":1,"16":1,"17":1,"18":1,"19":1},"branchMap":{},"b":{},"fnMap":{},"f":{}}
,"/Users/developer/Desktop/lit-marvel/src/components/common/character-grid.js": {"path":"/Users/developer/Desktop/lit-marvel/src/components/common/character-grid.js","all":false,"statementMap":{"0":{"start":{"line":1,"column":0},"end":{"line":1,"column":62}},"1":{"start":{"line":2,"column":0},"end":{"line":2,"column":84}},"2":{"start":{"line":3,"column":0},"end":{"line":3,"column":50}},"4":{"start":{"line":5,"column":0},"end":{"line":5,"column":47}},"5":{"start":{"line":6,"column":0},"end":{"line":6,"column":23}},"6":{"start":{"line":7,"column":0},"end":{"line":7,"column":32}},"7":{"start":{"line":8,"column":0},"end":{"line":8,"column":4}},"9":{"start":{"line":10,"column":0},"end":{"line":10,"column":23}},"10":{"start":{"line":11,"column":0},"end":{"line":11,"column":32}},"11":{"start":{"line":12,"column":0},"end":{"line":12,"column":3}},"13":{"start":{"line":14,"column":0},"end":{"line":14,"column":17}},"14":{"start":{"line":15,"column":0},"end":{"line":15,"column":12}},"15":{"start":{"line":16,"column":0},"end":{"line":16,"column":25}},"16":{"start":{"line":17,"column":0},"end":{"line":17,"column":3}},"18":{"start":{"line":19,"column":0},"end":{"line":19,"column":36}},"19":{"start":{"line":20,"column":0},"end":{"line":20,"column":23}},"20":{"start":{"line":21,"column":0},"end":{"line":21,"column":42}},"21":{"start":{"line":22,"column":0},"end":{"line":22,"column":26}},"22":{"start":{"line":23,"column":0},"end":{"line":23,"column":22}},"23":{"start":{"line":24,"column":0},"end":{"line":24,"column":23}},"24":{"start":{"line":25,"column":0},"end":{"line":25,"column":8}},"25":{"start":{"line":26,"column":0},"end":{"line":26,"column":6}},"26":{"start":{"line":27,"column":0},"end":{"line":27,"column":3}},"28":{"start":{"line":29,"column":0},"end":{"line":29,"column":28}},"29":{"start":{"line":30,"column":0},"end":{"line":30,"column":23}},"30":{"start":{"line":31,"column":0},"end":{"line":31,"column":42}},"31":{"start":{"line":32,"column":0},"end":{"line":32,"column":25}},"32":{"start":{"line":33,"column":0},"end":{"line":33,"column":22}},"33":{"start":{"line":34,"column":0},"end":{"line":34,"column":23}},"34":{"start":{"line":35,"column":0},"end":{"line":35,"column":8}},"35":{"start":{"line":36,"column":0},"end":{"line":36,"column":6}},"36":{"start":{"line":37,"column":0},"end":{"line":37,"column":3}},"38":{"start":{"line":39,"column":0},"end":{"line":39,"column":12}},"39":{"start":{"line":40,"column":0},"end":{"line":40,"column":16}},"40":{"start":{"line":41,"column":0},"end":{"line":41,"column":35}},"41":{"start":{"line":42,"column":0},"end":{"line":42,"column":30}},"42":{"start":{"line":43,"column":0},"end":{"line":43,"column":30}},"43":{"start":{"line":44,"column":0},"end":{"line":44,"column":27}},"44":{"start":{"line":45,"column":0},"end":{"line":45,"column":37}},"45":{"start":{"line":46,"column":0},"end":{"line":46,"column":77}},"46":{"start":{"line":47,"column":0},"end":{"line":47,"column":60}},"47":{"start":{"line":48,"column":0},"end":{"line":48,"column":30}},"48":{"start":{"line":49,"column":0},"end":{"line":49,"column":11}},"49":{"start":{"line":50,"column":0},"end":{"line":50,"column":10}},"50":{"start":{"line":51,"column":0},"end":{"line":51,"column":12}},"51":{"start":{"line":52,"column":0},"end":{"line":52,"column":6}},"52":{"start":{"line":53,"column":0},"end":{"line":53,"column":3}},"53":{"start":{"line":54,"column":0},"end":{"line":54,"column":1}},"55":{"start":{"line":56,"column":0},"end":{"line":56,"column":55}}},"s":{"0":1,"1":1,"2":1,"4":1,"5":1,"6":3,"7":1,"9":1,"10":3,"11":3,"13":1,"14":15,"15":15,"16":15,"18":1,"19":1,"20":1,"21":1,"22":1,"23":1,"24":1,"25":1,"26":1,"28":1,"29":1,"30":1,"31":1,"32":1,"33":1,"34":1,"35":1,"36":1,"38":1,"39":20,"40":20,"41":20,"42":20,"43":22,"44":22,"45":22,"46":22,"47":22,"48":22,"49":20,"50":20,"51":20,"52":20,"53":1,"55":1},"branchMap":{"0":{"type":"branch","line":6,"loc":{"start":{"line":6,"column":2},"end":{"line":8,"column":3}},"locations":[{"start":{"line":6,"column":2},"end":{"line":8,"column":3}}]},"1":{"type":"branch","line":10,"loc":{"start":{"line":10,"column":9},"end":{"line":12,"column":3}},"locations":[{"start":{"line":10,"column":9},"end":{"line":12,"column":3}}]},"2":{"type":"branch","line":14,"loc":{"start":{"line":14,"column":2},"end":{"line":17,"column":3}},"locations":[{"start":{"line":14,"column":2},"end":{"line":17,"column":3}}]},"3":{"type":"branch","line":19,"loc":{"start":{"line":19,"column":2},"end":{"line":27,"column":3}},"locations":[{"start":{"line":19,"column":2},"end":{"line":27,"column":3}}]},"4":{"type":"branch","line":29,"loc":{"start":{"line":29,"column":2},"end":{"line":37,"column":3}},"locations":[{"start":{"line":29,"column":2},"end":{"line":37,"column":3}}]},"5":{"type":"branch","line":39,"loc":{"start":{"line":39,"column":2},"end":{"line":53,"column":3}},"locations":[{"start":{"line":39,"column":2},"end":{"line":53,"column":3}}]},"6":{"type":"branch","line":43,"loc":{"start":{"line":43,"column":10},"end":{"line":49,"column":11}},"locations":[{"start":{"line":43,"column":10},"end":{"line":49,"column":11}}]},"7":{"type":"branch","line":46,"loc":{"start":{"line":46,"column":33},"end":{"line":46,"column":76}},"locations":[{"start":{"line":46,"column":33},"end":{"line":46,"column":76}}]}},"b":{"0":[3],"1":[3],"2":[15],"3":[1],"4":[1],"5":[20],"6":[22],"7":[1]},"fnMap":{"0":{"name":"<static_initializer>","decl":{"start":{"line":6,"column":2},"end":{"line":8,"column":3}},"loc":{"start":{"line":6,"column":2},"end":{"line":8,"column":3}},"line":6},"1":{"name":"get styles","decl":{"start":{"line":10,"column":9},"end":{"line":12,"column":3}},"loc":{"start":{"line":10,"column":9},"end":{"line":12,"column":3}},"line":10},"2":{"name":"CharacterGrid","decl":{"start":{"line":14,"column":2},"end":{"line":17,"column":3}},"loc":{"start":{"line":14,"column":2},"end":{"line":17,"column":3}},"line":14},"3":{"name":"_handleCharacterClick","decl":{"start":{"line":19,"column":2},"end":{"line":27,"column":3}},"loc":{"start":{"line":19,"column":2},"end":{"line":27,"column":3}},"line":19},"4":{"name":"_handleToggleFavorite","decl":{"start":{"line":29,"column":2},"end":{"line":37,"column":3}},"loc":{"start":{"line":29,"column":2},"end":{"line":37,"column":3}},"line":29},"5":{"name":"render","decl":{"start":{"line":39,"column":2},"end":{"line":53,"column":3}},"loc":{"start":{"line":39,"column":2},"end":{"line":53,"column":3}},"line":39}},"f":{"0":3,"1":3,"2":15,"3":1,"4":1,"5":20}}
,"/Users/developer/Desktop/lit-marvel/src/components/common/favorite-button-style.js": {"path":"/Users/developer/Desktop/lit-marvel/src/components/common/favorite-button-style.js","all":false,"statementMap":{"0":{"start":{"line":1,"column":0},"end":{"line":1,"column":49}},"2":{"start":{"line":3,"column":0},"end":{"line":3,"column":39}},"3":{"start":{"line":4,"column":0},"end":{"line":4,"column":9}},"4":{"start":{"line":5,"column":0},"end":{"line":5,"column":26}},"5":{"start":{"line":6,"column":0},"end":{"line":6,"column":23}},"6":{"start":{"line":7,"column":0},"end":{"line":7,"column":16}},"7":{"start":{"line":8,"column":0},"end":{"line":8,"column":3}},"9":{"start":{"line":10,"column":0},"end":{"line":10,"column":17}},"10":{"start":{"line":11,"column":0},"end":{"line":11,"column":21}},"11":{"start":{"line":12,"column":0},"end":{"line":12,"column":17}},"12":{"start":{"line":13,"column":0},"end":{"line":13,"column":20}},"13":{"start":{"line":14,"column":0},"end":{"line":14,"column":21}},"14":{"start":{"line":15,"column":0},"end":{"line":15,"column":18}},"15":{"start":{"line":16,"column":0},"end":{"line":16,"column":24}},"16":{"start":{"line":17,"column":0},"end":{"line":17,"column":31}},"17":{"start":{"line":18,"column":0},"end":{"line":18,"column":23}},"18":{"start":{"line":19,"column":0},"end":{"line":19,"column":16}},"19":{"start":{"line":20,"column":0},"end":{"line":20,"column":3}},"21":{"start":{"line":22,"column":0},"end":{"line":22,"column":24}},"22":{"start":{"line":23,"column":0},"end":{"line":23,"column":27}},"23":{"start":{"line":24,"column":0},"end":{"line":24,"column":3}},"25":{"start":{"line":26,"column":0},"end":{"line":26,"column":38}},"26":{"start":{"line":27,"column":0},"end":{"line":27,"column":26}},"27":{"start":{"line":28,"column":0},"end":{"line":28,"column":3}},"29":{"start":{"line":30,"column":0},"end":{"line":30,"column":18}},"30":{"start":{"line":31,"column":0},"end":{"line":31,"column":30}},"31":{"start":{"line":32,"column":0},"end":{"line":32,"column":19}},"32":{"start":{"line":33,"column":0},"end":{"line":33,"column":23}},"33":{"start":{"line":34,"column":0},"end":{"line":34,"column":16}},"34":{"start":{"line":35,"column":0},"end":{"line":35,"column":3}},"36":{"start":{"line":37,"column":0},"end":{"line":37,"column":22}},"37":{"start":{"line":38,"column":0},"end":{"line":38,"column":65}},"38":{"start":{"line":39,"column":0},"end":{"line":39,"column":3}},"40":{"start":{"line":41,"column":0},"end":{"line":41,"column":22}},"41":{"start":{"line":42,"column":0},"end":{"line":42,"column":8}},"42":{"start":
[...]
"start":{"line":21,"column":0},"end":{"line":21,"column":59}},"21":{"start":{"line":22,"column":0},"end":{"line":22,"column":58}},"22":{"start":{"line":23,"column":0},"end":{"line":23,"column":64}},"23":{"start":{"line":24,"column":0},"end":{"line":24,"column":52}},"24":{"start":{"line":25,"column":0},"end":{"line":25,"column":3}},"25":{"start":{"line":26,"column":0},"end":{"line":26,"column":71}},"26":{"start":{"line":27,"column":0},"end":{"line":27,"column":62}},"27":{"start":{"line":28,"column":0},"end":{"line":28,"column":30}},"28":{"start":{"line":29,"column":0},"end":{"line":29,"column":3}},"30":{"start":{"line":31,"column":0},"end":{"line":31,"column":50}},"32":{"start":{"line":33,"column":0},"end":{"line":33,"column":38}},"33":{"start":{"line":34,"column":0},"end":{"line":34,"column":30}},"34":{"start":{"line":35,"column":0},"end":{"line":35,"column":3}},"36":{"start":{"line":37,"column":0},"end":{"line":37,"column":44}},"37":{"start":{"line":38,"column":0},"end":{"line":38,"column":1}},"39":{"start":{"line":40,"column":0},"end":{"line":40,"column":3}},"40":{"start":{"line":41,"column":0},"end":{"line":41,"column":49}},"41":{"start":{"line":42,"column":0},"end":{"line":42,"column":43}},"42":{"start":{"line":43,"column":0},"end":{"line":43,"column":3}},"43":{"start":{"line":44,"column":0},"end":{"line":44,"column":41}},"44":{"start":{"line":45,"column":0},"end":{"line":45,"column":40}},"45":{"start":{"line":46,"column":0},"end":{"line":46,"column":1}}},"s":{"0":1,"1":1,"2":1,"3":1,"5":1,"6":1,"8":1,"9":1,"10":1,"11":1,"12":1,"13":1,"14":40,"16":37,"17":37,"19":1,"20":1,"21":1,"22":1,"23":1,"24":1,"25":1,"26":37,"27":4,"28":4,"30":33,"32":36,"33":1,"34":1,"36":32,"37":32,"39":1,"40":1,"41":1,"42":1,"43":1,"44":2,"45":2},"branchMap":{"0":{"type":"branch","line":14,"loc":{"start":{"line":14,"column":7},"end":{"line":18,"column":1}},"locations":[{"start":{"line":14,"column":7},"end":{"line":18,"column":1}}]},"1":{"type":"branch","line":15,"loc":{"start":{"line":15,"column":17},"end":{"line":15,"column":30}},"locations":[{"start":{"line":15,"column":17},"end":{"line":15,"column":30}}]},"2":{"type":"branch","line":15,"loc":{"start":{"line":15,"column":29},"end":{"line":18,"column":1}},"locations":[{"start":{"line":15,"column":29},"end":{"line":18,"column":1}}]},"3":{"type":"branch","line":17,"loc":{"start":{"line":17,"column":38},"end":{"line":17,"column":77}},"locations":[{"start":{"line":17,"column":38},"end":{"line":17,"column":77}}]},"4":{"type":"branch","line":26,"loc":{"start":{"line":26,"column":7},"end":{"line":38,"column":1}},"locations":[{"start":{"line":26,"column":7},"end":{"line":38,"column":1}}]},"5":{"type":"branch","line":27,"loc":{"start":{"line":27,"column":17},"end":{"line":27,"column":35}},"locations":[{"start":{"line":27,"column":17},"end":{"line":27,"column":35}}]},"6":{"type":"branch","line":27,"loc":{"start":{"line":27,"column":36},"end":{"line":27,"column":59}},"locations":[{"start":{"line":27,"column":36},"end":{"line":27,"column":59}}]},"7":{"type":"branch","line":27,"loc":{"start":{"line":27,"column":61},"end":{"line":29,"column":3}},"locations":[{"start":{"line":27,"column":61},"end":{"line":29,"column":3}}]},"8":{"type":"branch","line":29,"loc":{"start":{"line":29,"column":2},"end":{"line":38,"column":1}},"locations":[{"start":{"line":29,"column":2},"end":{"line":38,"column":1}}]},"9":{"type":"branch","line":29,"loc":{"start":{"line":29,"column":2},"end":{"line":33,"column":37}},"locations":[{"start":{"line":29,"column":2},"end":{"line":33,"column":37}}]},"10":{"type":"branch","line":33,"loc":{"start":{"line":33,"column":37},"end":{"line":35,"column":3}},"locations":[{"start":{"line":33,"column":37},"end":{"line":35,"column":3}}]},"11":{"type":"branch","line":35,"loc":{"start":{"line":35,"column":2},"end":{"line":38,"column":1}},"locations":[{"start":{"line":35,"column":2},"end":{"line":38,"column":1}}]},"12":{"type":"branch","line":44,"loc":{"start":{"line":44,"column":7},"end":{"line":46,"column":1}},"locations":[{"start":{"line":44,"column":7},"end":{"line":46,"column":1}}]}},"b":{"0":[40],"1":[3],"2":[37],"3":[106],"4":[37],"5":[35],"6":[34],"7":[4],"8":[36],"9":[33],"10":[1],"11":[32],"12":[2]},"fnMap":{"0":{"name":"isValidMarvelImage","decl":{"start":{"line":14,"column":7},"end":{"line":18,"column":1}},"loc":{"start":{"line":14,"column":7},"end":{"line":18,"column":1}},"line":14},"1":{"name":"getMarvelImageUrl","decl":{"start":{"line":26,"column":7},"end":{"line":38,"column":1}},"loc":{"start":{"line":26,"column":7},"end":{"line":38,"column":1}},"line":26},"2":{"name":"handleImageError","decl":{"start":{"line":44,"column":7},"end":{"line":46,"column":1}},"loc":{"start":{"line":44,"column":7},"end":{"line":46,"column":1}},"line":44}},"f":{"0":40,"1":37,"2":2}}
,"/Users/developer/Desktop/lit-marvel/src/utils/storage-utils.js": {"path":"/Users/developer/Desktop/lit-marvel/src/utils/storage-utils.js","all":false,"statementMap":{"0":{"start":{"line":1,"column":0},"end":{"line":1,"column":63}},"2":{"start":{"line":3,"column":0},"end":{"line":3,"column":3}},"3":{"start":{"line":4,"column":0},"end":{"line":4,"column":59}},"4":{"start":{"line":5,"column":0},"end":{"line":5,"column":55}},"5":{"start":{"line":6,"column":0},"end":{"line":6,"column":3}},"6":{"start":{"line":7,"column":0},"end":{"line":7,"column":22}},"7":{"start":{"line":8,"column":0},"end":{"line":8,"column":17}},"8":{"start":{"line":9,"column":0},"end":{"line":9,"column":32}},"9":{"start":{"line":10,"column":0},"end":{"line":10,"column":32}},"10":{"start":{"line":11,"column":0},"end":{"line":11,"column":49}},"11":{"start":{"line":12,"column":0},"end":{"line":12,"column":3}},"13":{"start":{"line":14,"column":0},"end":{"line":14,"column":5}},"14":{"start":{"line":15,"column":0},"end":{"line":15,"column":48}},"15":{"start":{"line":16,"column":0},"end":{"line":16,"column":50}},"16":{"start":{"line":17,"column":0},"end":{"line":17,"column":5}},"17":{"start":{"line":18,"column":0},"end":{"line":18,"column":18}},"18":{"start":{"line":19,"column":0},"end":{"line":19,"column":18}},"19":{"start":{"line":20,"column":0},"end":{"line":20,"column":31}},"20":{"start":{"line":21,"column":0},"end":{"line":21,"column":34}},"21":{"start":{"line":22,"column":0},"end":{"line":22,"column":5}},"23":{"start":{"line":24,"column":0},"end":{"line":24,"column":9}},"24":{"start":{"line":25,"column":0},"end":{"line":25,"column":35}},"25":{"start":{"line":26,"column":0},"end":{"line":26,"column":60}},"26":{"start":{"line":27,"column":0},"end":{"line":27,"column":8}},"28":{"start":{"line":29,"column":0},"end":{"line":29,"column":21}},"29":{"start":{"line":30,"column":0},"end":{"line":30,"column":39}},"30":{"start":{"line":31,"column":0},"end":{"line":31,"column":40}},"32":{"start":{"line":33,"column":0},"end":{"line":33,"column":23}},"33":{"start":{"line":34,"column":0},"end":{"line":34,"column":21}},"34":{"start":{"line":35,"column":0},"end":{"line":35,"column":73}},"35":{"start":{"line":36,"column":0},"end":{"line":36,"column":16}},"36":{"start":{"line":37,"column":0},"end":{"line":37,"column":5}},"37":{"start":{"line":38,"column":0},"end":{"line":38,"column":3}},"39":{"start":{"line":40,"column":0},"end":{"line":40,"column":5}},"40":{"start":{"line":41,"column":0},"end":{"line":41,"column":36}},"41":{"start":{"line":42,"column":0},"end":{"line":42,"column":60}},"42":{"start":{"line":43,"column":0},"end":{"line":43,"column":5}},"43":{"start":{"line":44,"column":0},"end":{"line":44,"column":27}},"44":{"start":{"line":45,"column":0},"end":{"line":45,"column":9}},"45":{"start":{"line":46,"column":0},"end":{"line":46,"column":78}},"47":{"start":{"line":48,"column":0},"end":{"line":48,"column":21}},"48":{"start":{"line":49,"column":0},"end":{"line":49,"column":39}},"49":{"start":{"line":50,"column":0},"end":{"line":50,"column":40}},"50":{"start":{"line":51,"column":0},"end":{"line":51,"column":21}},"51":{"start":{"line":52,"column":0},"end":{"line":52,"column":70}},"52":{"start":{"line":53,"column":0},"end":{"line":53,"column":5}},"53":{"start":{"line":54,"column":0},"end":{"line":54,"column":3}},"55":{"start":{"line":56,"column":0},"end":{"line":56,"column":5}},"56":{"start":{"line":57,"column":0},"end":{"line":57,"column":38}},"57":{"start":{"line":58,"column":0},"end":{"line":58,"column":47}},"58":{"start":{"line":59,"column":0},"end":{"line":59,"column":40}},"59":{"start":{"line":60,"column":0},"end":{"line":60,"column":5}},"60":{"start":{"line":61,"column":0},"end":{"line":61,"column":27}},"61":{"start":{"line":62,"column":0},"end":{"line":62,"column":42}},"62":{"start":{"line":63,"column":0},"end":{"line":63,"column":71}},"63":{"start":{"line":64,"column":0},"end":{"line":64,"column":3}},"65":{"start":{"line":66,"column":0},"end":{"line":66,"column":5}},"66":{"start":{"line":67,"column":0},"end":{"line":67,"column":34}},"67":{"start":{"line":68,"column":0},"end":{"line":68,"column":49}},"68":{"start":{"line":69,"column":0},"end":{"line":69,"column":63}},"69":{"start":{"line":70,"column":0},"end":{"line":70,"column":5}},"70":{"start":{"line":71,"column":0},"end":{"line":71,"column":26}},"71":{"start":{"line":72,"column":0},"end":{"line":72,"column":42}},"73":{"start":{"line":74,"column":0},"end":{"line":74,"column":30}},"74":{"start":{"line":75,"column":0},"end":{"line":75,"column":55}},"75":{"start":{"line":76,"column":0},"end":{"line":76,"column":19}},"76":{"start":{"line":77,"column":0},"end":{"line":77,"column":5}},"78":{"start":{"line":79,"column":0},"end":{"line":79,"column":20}},"79":{"start":{"line":80,"column":0},"end":{"line":80,"column":30}},"80":{"start":{"line":81,"column":0},"end":{"line":81,"column":33}},"81":{"start":{"line":82,"column":0},"end":{"line":82,"column":16}},"82":{"start":{"line":83,"column":0},"end":{"line":83,"column":3}},"84":{"start":{"line":85,"column":0},"end":{"line":85,"column":5}},"85":{"start":{"line":86,"column":0},"end":{"line":86,"column":39}},"86":{"start":{"line":87,"column":0},"end":{"line":87,"column":47}},"87":{"start":{"line":88,"column":0},"end":{"line":88,"column":59}},"88":{"start":{"line":89,"column":0},"end":{"line":89,"column":5}},"89":{"start":{"line":90,"column":0},"end":{"line":90,"column":31}},"90":{"start":{"line":91,"column":0},"end":{"line":91,"column":42}},"91":{"start":{"line":92,"column":0},"end":{"line":92,"column":43}},"93":{"start":{"line":94,"column":0},"end":{"line":94,"column":76}},"95":{"start":{"line":96,"column":0},"end":{"line":96,"column":53}},"96":{"start":{"line":97,"column":0},"end":{"line":97,"column":42}},"97":{"start":{"line":98,"column":0},"end":{"line":98,"column":5}},"99":{"start":{"line":100,"column":0},"end":{"line":100,"column":41}},"100":{"start":{"line":101,"column":0},"end":{"line":101,"column":16}},"101":{"start":{"line":102,"column":0},"end":{"line":102,"column":3}},"103":{"start":{"line":104,"column":0},"end":{"line":104,"column":5}},"104":{"start":{"line":105,"column":0},"end":{"line":105,"column":42}},"105":{"start":{"line":106,"column":0},"end":{"line":106,"column":52}},"106":{"start":{"line":107,"column":0},"end":{"line":107,"column":42}},"107":{"start":{"line":108,"column":0},"end":{"line":108,"column":5}},"108":{"start":{"line":109,"column":0},"end":{"line":109,"column":29}},"109":{"start":{"line":110,"column":0},"end":{"line":110,"column":62}},"111":{"start":{"line":112,"column":0},"end":{"line":112,"column":30}},"112":{"start":{"line":113,"column":0},"end":{"line":113,"column":40}},"113":{"start":{"line":114,"column":0},"end":{"line":114,"column":19}},"114":{"start":{"line":115,"column":0},"end":{"line":115,"column":12}},"115":{"start":{"line":116,"column":0},"end":{"line":116,"column":34}},"116":{"start":{"line":117,"column":0},"end":{"line":117,"column":18}},"117":{"start":{"line":118,"column":0},"end":{"line":118,"column":5}},"118":{"start":{"line":119,"column":0},"end":{"line":119,"column":3}},"120":{"start":{"line":121,"column":0},"end":{"line":121,"column":5}},"121":{"start":{"line":122,"column":0},"end":{"line":122,"column":50}},"122":{"start":{"line":123,"column":0},"end":{"line":123,"column":52}},"123":{"start":{"line":124,"column":0},"end":{"line":124,"column":61}},"124":{"start":{"line":125,"column":0},"end":{"line":125,"column":5}},"125":{"start":{"line":126,"column":0},"end":{"line":126,"column":44}},"126":{"start":{"line":127,"column":0},"end":{"line":127,"column":42}},"128":{"start":{"line":129,"column":0},"end":{"line":129,"column":43}},"129":{"start":{"line":130,"column":0},"end":{"line":130,"column":19}},"130":{"start":{"line":131,"column":0},"end":{"line":131,"column":65}},"131":{"start":{"line":132,"column":0},"end":{"line":132,"column":8}},"132":{"start":{"line":133,"column":0},"end":{"line":133,"column":3}},"134":{"start":{"line":135,"column":0},"end":{"line":135,"column":5}},"135":{"start":{"line":136,"column":0},"end":{"line":136,"column":25}},"136":{"start":{"line":137,"column":0},"end":{"line":137,"column":42}},"137":{"start":{"line":138,"column":0},"end":{"line":138,"column":5}},"138":{"start":{"line":139,"column":0},"end":{"line":139,"column":23}},"139":{"start":{"line":140,"column":0},"end":{"line":140,"column":38}},"140":{"start":{"line":141,"column":0},"end":{"line":141,"column":3}},"142":{"start":{"line":143,"column":0},"end":{"line":143,"column":5}},"143":{"start":{"line":144,"column":0},"end":{"line":144,"column":26}},"144":{"start":{"line":145,"column":0},"end":{"line":145,"column":5}},"145":{"start":{"line":146,"column":0},"end":{"line":146,"column":16}},"146":{"start":{"line":147,"column":0},"end":{"line":147,"column":32}},"147":{"start":{"line":148,"column":0},"end":{"line":148,"column":32}},"148":{"start":{"line":149,"column":0},"end":{"line":149,"column":3}},"150":{"start":{"line":151,"column":0},"end":{"line":151,"column":5}},"151":{"start":{"line":152,"column":0},"end":{"line":152,"column":29}},"152":{"start":{"line":153,"column":0},"end":{"line":153,"column":46}},"153":{"start":{"line":154,"column":0},"end":{"line":154,"column":5}},"154":{"start":{"line":155,"column":0},"end":{"line":155,"column":19}},"155":{"start":{"line":156,"column":0},"end":{"line":156,"column":57}},"156":{"start":{"line":157,"column":0},"end":{"line":157,"column":19}},"157":{"start":{"line":158,"column":0},"end":{"line":158,"column":5}},"159":{"start":{"line":160,"column":0},"end":{"line":160,"column":27}},"160":{"start":{"line":161,"column":0},"end":{"line":161,"column":48}},"161":{"start":{"line":162,"column":0},"end":{"line":162,"column":42}},"162":{"start":{"line":163,"column":0},"end":{"line":163,"column":3}},"163":{"start":{"line":164,"column":0},"end":{"line":164,"column":1}},"165":{"start":{"line":166,"column":0},"end":{"line":166,"column":28}},"166":{"start":{"line":167,"column":0},"end":{"line":167,"column":51}}},"s":{"0":1,"2":1,"3":1,"4":1,"5":1,"6":1,"7":1,"8":6,"9":6,"10":6,"11":6,"13":1,"14":1,"15":1,"16":1,"17":1,"18":13,"19":13,"20":12,"21":12,"23":1,"24":1,"25":1,"26":13,"28":13,"29":13,"30":13,"32":13,"33":13,"34":0,"35":0,"36":0,"37":13,"39":1,"40":1,"41":1,"42":1,"43":1,"44":0,"45":0,"47":0,"48":0,"49":0,"50":0,"51":0,"52":0,"53":0,"55":1,"56":1,"57":1,"58":1,"59":1,"60":1,"61":1,"62":1,"63":1,"65":1,"66":1,"67":1,"68":1,"69":1,"70":1,"71":0,"73":0,"74":0,"75":0,"76":0,"78":0,"79":0,"80":0,"81":0,"82":0,"84":1,"85":1,"86":1,"87":1,"88":1,"89":1,"90":0,"91":0,"93":0,"95":0,"96":0,"97":0,"99":0,"100":0,"101":0,"103":1,"104":1,"105":1,"106":1,"107":1,"108":1,"109":0,"111":0,"112":0,"113":0,"114":0,"115":0,"116":0,"117":0,"118":0,"120":1,"121":1,"122":1,"123":1,"124":1,"125":1,"126":0,"128":0,"129":0,"130":0,"131":0,"132":0,"134":1,"135":1,"136":1,"137":1,"138":1,"139":6,"140":6,"142":1,"143":1,"144":1,"145":1,"146":0,"147":0,"148":0,"150":1,"151":1,"152":1,"153":1,"154":1,"155":13,"156":1,"157":1,"159":12,"160":12,"161":12,"162":13,"163":1,"165":1,"166":1},"branchMap":{"0":{"type":"branch","line":8,"loc":{"start":{"line":8,"column":2},"end":{"line":12,"column":3}},"locations":[{"start":{"line":8,"column":2},"end":{"line":12,"column":3}}]},"1":{"type":"branch","line":18,"loc":{"start":{"line":18,"column":2},"end":{"line":38,"column":3}},"locations":[{"start":{"line":18,"column":2},"end":{"line":38,"column":3}}]},"2":{"type":"branch","line":20,"loc":{"start":{"line":20,"column":30},"end":{"line":22,"column":5}},"locations":[{"start":{"line":20,"column":30},"end":{"line":22,"column":5}}]},"3":{"type":"branch","line":22,"loc":{"start":{"line":22,"column":4},"end":{"line":26,"column":60}},"locations":[{"start":{"line":22,"column":4},"end":{"line":26,"column":60}}]},"4":{"type":"branch","line":34,"loc":{"start":{"line":34,"column":6},"end":{"line":37,"column":5}},"locations":[{"start":{"line":34,"column":6},"end":{"line":37,"column":5}}]},"5":{"type":"branch","line":61,"loc":{"start":{"line":61,"column":2},"end":{"line":64,"column":3}},"locations":[{"start":{"line":61,"column":2},"end":{"line":64,"column":3}}]},"6":{"type":"branch","line":139,"loc":{"start":{"line":139,"column":2},"end":{"line":141,"column":3}},"locations":[{"start":{"line":139,"column":2},"end":{"line":141,"column":3}}]},"7":{"type":"branch","line":155,"loc":{"start":{"line":155,"column":2},"end":{"line":163,"column":3}},"locations":[{"start":{"line":155,"column":2},"end":{"line":163,"column":3}}]},"8":{"type":"branch","line":156,"loc":{"start":{"line":156,"column":30},"end":{"line":156,"column":54}},"locations":[{"start":{"line":156,"column":30},"end":{"line":156,"column":54}}]},"9":{"type":"branch","line":156,"loc":{"start":{"line":156,"column":56},"end":{"line":158,"column":5}},"locations":[{"start":{"line":156,"column":56},"end":{"line":158,"column":5}}]},"10":{"type":"branch","line":158,"loc":{"start":{"line":158,"column":4},"end":{"line":163,"column":2}},"locations":[{"start":{"line":158,"column":4},"end":{"line":163,"column":2}}]}},"b":{"0":[6],"1":[13],"2":[12],"3":[1],"4":[0],"5":[1],"6":[6],"7":[13],"8":[12],"9":[1],"10":[12]},"fnMap":{"0":{"name":"StorageManager","decl":{"start":{"line":8,"column":2},"end":{"line":12,"column":3}},"loc":{"start":{"line":8,"column":2},"end":{"line":12,"column":3}},"line":8},"1":{"name":"getFavorites","decl":{"start":{"line":18,"column":2},"end":{"line":38,"column":3}},"loc":{"start":{"line":18,"column":2},"end":{"line":38,"column":3}},"line":18},"2":{"name":"setFavorites","decl":{"start":{"line":44,"column":2},"end":{"line":54,"column":3}},"loc":{"start":{"line":44,"column":2},"end":{"line":54,"column":3}},"line":44},"3":{"name":"isFavorite","decl":{"start":{"line":61,"column":2},"end":{"line":64,"column":3}},"loc":{"start":{"line":61,"column":2},"end":{"line":64,"column":3}},"line":61},"4":{"name":"addFavorite","decl":{"start":{"line":71,"column":2},"end":{"line":83,"column":3}},"loc":{"start":{"line":71,"column":2},"end":{"line":83,"column":3}},"line":71},"5":{"name":"removeFavorite","decl":{"start":{"line":90,"column":2},"end":{"line":102,"column":3}},"loc":{"start":{"line":90,"column":2},"end":{"line":102,"column":3}},"line":90},"6":{"name":"toggleFavorite","decl":{"start":{"line":109,"column":2},"end":{"line":119,"column":3}},"loc":{"start":{"line":109,"column":2},"end":{"line":119,"column":3}},"line":109},"7":{"name":"addFavoriteStateToCharacters","decl":{"start":{"line":126,"column":2},"end":{"line":133,"column":3}},"loc":{"start":{"line":126,"column":2},"end":{"line":133,"column":3}},"line":126},"8":{"name":"getFavoritesCount","decl":{"start":{"line":139,"column":2},"end":{"line":141,"column":3}},"loc":{"start":{"line":139,"column":2},"end":{"line":141,"column":3}},"line":139},"9":{"name":"clearCache","decl":{"start":{"line":146,"column":2},"end":{"line":149,"column":3}},"loc":{"start":{"line":146,"column":2},"end":{"line":149,"column":3}},"line":146},"10":{"name":"_isCacheValid","decl":{"start":{"line":155,"column":2},"end":{"line":163,"column":3}},"loc":{"start":{"line":155,"column":2},"end":{"line":163,"column":3}},"line":155}},"f":{"0":6,"1":13,"2":0,"3":1,"4":0,"5":0,"6":0,"7":0,"8":6,"9":0,"10":13}}
}
